#
# A fatal error has been detected by the Java Runtime Environment:
#
#  SIGSEGV (0xb) at pc=0x00007f7ad7701c01, pid=18353, tid=140165535975168
#
# JRE version: OpenJDK Runtime Environment (7.0_65-b32) (build 1.7.0_65-b32)
# Java VM: OpenJDK 64-Bit Server VM (24.65-b04 mixed mode linux-amd64 compressed oops)
# Derivative: IcedTea 2.5.3
# Distribution: Ubuntu 14.04 LTS, package 7u71-2.5.3-0ubuntu0.14.04.1
# Problematic frame:
# V  [libjvm.so+0x7b0c01]  objArrayKlass::oop_follow_contents(ParCompactionManager*, oopDesc*)+0x2e1
#
# Failed to write core dump. Core dumps have been disabled. To enable core dumping, try "ulimit -c unlimited" before starting Java again
#
# If you would like to submit a bug report, please include
# instructions on how to reproduce the bug and visit:
#   http://icedtea.classpath.org/bugzilla
#

---------------  T H R E A D  ---------------

Current thread (0x00007f7ad0020000):  GCTaskThread [stack: 0x00007f7ad4eb4000,0x00007f7ad4fb5000] [id=18356]

siginfo:si_signo=SIGSEGV: si_errno=0, si_code=128 (), si_addr=0x0000000000000000

Registers:
RAX=0x0000000000000017, RBX=0x000000078a33d634, RCX=0x0000000000000017, RDX=0x0000000000800000
RSP=0x00007f7ad4fb3c00, RBP=0x00007f7ad4fb3c70, RSI=0x00007f7ac8e80000, RDI=0x0000000000000000
R8 =0x00007f7ad7d35d40, R9 =0x0000000000000003, R10=0x007ffffffeb95000, R11=0x0000000000000058
R12=0x000000078a33d618, R13=0x000000078a33d680, R14=0x00000004efa000b8, R15=0x00007f7ad00725c0
RIP=0x00007f7ad7701c01, EFLAGS=0x0000000000010206, CSGSFS=0x0000000000000033, ERR=0x0000000000000000
  TRAPNO=0x000000000000000d

Top of Stack: (sp=0x00007f7ad4fb3c00)
0x00007f7ad4fb3c00:   00007f7ad4fb3c70 000000078a33d618
0x00007f7ad4fb3c10:   00007f7ad0072600 0000000000000016
0x00007f7ad4fb3c20:   0000000000000016 000000077d10db68
0x00007f7ad4fb3c30:   00007f7ad7d35d40 000000000000000d
0x00007f7ad4fb3c40:   00007f7ad0072600 00007f7ad7d31da8
0x00007f7ad4fb3c50:   00007f7ad0027c80 00007f7ad00725c0
0x00007f7ad4fb3c60:   00007f7a9cb3e900 00007f7ad0020300
0x00007f7ad4fb3c70:   00007f7ad4fb3d20 00007f7ad776efc5
0x00007f7ad4fb3c80:   00007f7ad0072650 00007f7ad0072680
0x00007f7ad4fb3c90:   00007f7ad0072600 00007f7ad0072680
0x00007f7ad4fb3ca0:   00007f7ad0072600 00007f7ad00725d0
0x00007f7ad4fb3cb0:   00007f7ad0020000 0000000000000c00
0x00007f7ad4fb3cc0:   0000000000000000 0000000000000000
0x00007f7ad4fb3cd0:   00007f7ad4fb3d00 00007f7ad000a000
0x00007f7ad4fb3ce0:   0000000000000001 00007f7ad7d4ac01
0x00007f7ad4fb3cf0:   0000000100000000 00007f7a9cb3e3f0
0x00007f7ad4fb3d00:   00007f7ad0027c80 00007f7ad00725c0
0x00007f7ad4fb3d10:   00007f7a9cb3e900 00007f7ad0020300
0x00007f7ad4fb3d20:   00007f7ad4fb3dc0 00007f7ad77559e9
0x00007f7ad4fb3d30:   00007f7ad4fb3dc0 00007f7ad4fb3d50
0x00007f7ad4fb3d40:   0000000000010388 00007f7a9cb463d8
0x00007f7ad4fb3d50:   00007f7ad7cf9eb0 00007f7ad0020000
0x00007f7ad4fb3d60:   0000000000000000 00007f7ad00725c0
0x00007f7ad4fb3d70:   00007f7ad7cf1b90 00007f7ad76e0f00
0x00007f7ad4fb3d80:   00007f7ad4fb3d50 00007f7ad001f501
0x00007f7ad4fb3d90:   00007f7ad4fb3dc0 0000000000000001
0x00007f7ad4fb3da0:   00007f7ad0027c80 00007f7ad78fa6de
0x00007f7ad4fb3db0:   00007f7ad0020000 00007f7ad7d2c36a
0x00007f7ad4fb3dc0:   00007f7ad4fb3ed0 00007f7ad7496322
0x00007f7ad4fb3dd0:   00000000000003d8 00007f7ad0020718
0x00007f7ad4fb3de0:   00007f7ad0020340 00007f7ad4fb3e60
0x00007f7ad4fb3df0:   00007f7ad0020300 00007f7ad0020330 

Instructions: (pc=0x00007f7ad7701c01)
0x00007f7ad7701be1:   8b 70 30 4c 89 f0 49 2b 00 48 c1 e8 03 48 d3 e8
0x00007f7ad7701bf1:   49 89 c2 83 e0 3f 49 c1 ea 06 48 89 c1 48 d3 e2
0x00007f7ad7701c01:   4a 85 14 d6 75 99 48 8d 05 35 a9 62 00 80 38 00
0x00007f7ad7701c11:   0f 85 19 02 00 00 49 8b 76 08 48 83 c6 10 4c 89 

Register to memory mapping:

RAX=0x0000000000000017 is an unknown value
RBX=0x000000078a33d634 is pointing into object: 0x000000078a33d618
[Ljava.lang.Object; 
 - klass: 'java/lang/Object'[]
 - length: 22
RCX=0x0000000000000017 is an unknown value
RDX=0x0000000000800000 is an unknown value
RSP=0x00007f7ad4fb3c00 is an unknown value
RBP=0x00007f7ad4fb3c70 is an unknown value
RSI=0x00007f7ac8e80000 is an unknown value
RDI=0x0000000000000000 is an unknown value
R8 =0x00007f7ad7d35d40: <offset 0xde4d40> in /usr/lib/jvm/java-7-openjdk-amd64/jre/lib/amd64/server/libjvm.so at 0x00007f7ad6f51000
R9 =0x0000000000000003 is an unknown value
R10=0x007ffffffeb95000 is an unknown value
R11=0x0000000000000058 is an unknown value
R12=0x000000078a33d618 is an oop
[Ljava.lang.Object; 
 - klass: 'java/lang/Object'[]
 - length: 22
R13=0x000000078a33d680 is an oop
org.codehaus.plexus.util.xml.Xpp3Dom 
 - klass: 'org/codehaus/plexus/util/xml/Xpp3Dom'
R14=0x00000004efa000b8 is an unknown value
R15=0x00007f7ad00725c0 is an unknown value


Stack: [0x00007f7ad4eb4000,0x00007f7ad4fb5000],  sp=0x00007f7ad4fb3c00,  free space=1023k
Native frames: (J=compiled Java code, j=interpreted, Vv=VM code, C=native code)
V  [libjvm.so+0x7b0c01]  objArrayKlass::oop_follow_contents(ParCompactionManager*, oopDesc*)+0x2e1
V  [libjvm.so+0x81dfc5]  ParCompactionManager::follow_marking_stacks()+0x155
V  [libjvm.so+0x8049e9]  ThreadRootsMarkingTask::do_it(GCTaskManager*, unsigned int)+0xd9
V  [libjvm.so+0x545322]  GCTaskThread::run()+0x162
V  [libjvm.so+0x7c4ac2]  java_start(Thread*)+0xf2


---------------  P R O C E S S  ---------------

Java Threads: ( => current thread )
  0x00007f7a7c001000 JavaThread "pool-1-thread-5" [_thread_blocked, id=18374, stack(0x00007f7ac1740000,0x00007f7ac1841000)]
  0x00007f7ad02fd000 JavaThread "pool-1-thread-4" [_thread_blocked, id=18373, stack(0x00007f7ac1841000,0x00007f7ac1942000)]
  0x00007f7ad02fb800 JavaThread "pool-1-thread-3" [_thread_blocked, id=18372, stack(0x00007f7ac1942000,0x00007f7ac1a43000)]
  0x00007f7ad0354000 JavaThread "pool-1-thread-2" [_thread_blocked, id=18371, stack(0x00007f7ac1a43000,0x00007f7ac1b44000)]
  0x00007f7ad0346000 JavaThread "pool-1-thread-1" [_thread_blocked, id=18370, stack(0x00007f7ac1b44000,0x00007f7ac1c45000)]
  0x00007f7ad0231800 JavaThread "process reaper" daemon [_thread_blocked, id=18369, stack(0x00007f7ac1c45000,0x00007f7ac1c7e000)]
  0x00007f7ad00b1000 JavaThread "Service Thread" daemon [_thread_blocked, id=18366, stack(0x00007f7ac3519000,0x00007f7ac361a000)]
  0x00007f7ad00ae800 JavaThread "C2 CompilerThread1" daemon [_thread_in_native, id=18365, stack(0x00007f7ac361a000,0x00007f7ac371b000)]
  0x00007f7ad00ab800 JavaThread "C2 CompilerThread0" daemon [_thread_blocked, id=18364, stack(0x00007f7ac371b000,0x00007f7ac381c000)]
  0x00007f7ad00a9800 JavaThread "Signal Dispatcher" daemon [_thread_blocked, id=18363, stack(0x00007f7ac381c000,0x00007f7ac391d000)]
  0x00007f7ad007b800 JavaThread "Finalizer" daemon [_thread_blocked, id=18362, stack(0x00007f7ac8030000,0x00007f7ac8131000)]
  0x00007f7ad0079800 JavaThread "Reference Handler" daemon [_thread_blocked, id=18361, stack(0x00007f7ac8131000,0x00007f7ac8232000)]
  0x00007f7ad000a000 JavaThread "main" [_thread_blocked, id=18355, stack(0x00007f7ad8a5e000,0x00007f7ad8b5f000)]

Other Threads:
  0x00007f7ad0075800 VMThread [stack: 0x00007f7ac8232000,0x00007f7ac8333000] [id=18360]
  0x00007f7ad00bb800 WatcherThread [stack: 0x00007f7ac3418000,0x00007f7ac3519000] [id=18367]

=>0x00007f7ad0020000 (exited) GCTaskThread [stack: 0x00007f7ad4eb4000,0x00007f7ad4fb5000] [id=18356]

VM state:at safepoint (normal execution)

VM Mutex/Monitor currently owned by a thread:  ([mutex/lock_event])
[0x00007f7ad00064c0] Threads_lock - owner thread: 0x00007f7ad0075800
[0x00007f7ad00069c0] Heap_lock - owner thread: 0x00007f7ad000a000

Heap
 PSYoungGen      total 620544K, used 8048K [0x00000007d7c80000, 0x0000000800000000, 0x0000000800000000)
  eden space 581120K, 0% used [0x00000007d7c80000,0x00000007d7c80000,0x00000007fb400000)
  from space 39424K, 20% used [0x00000007fd980000,0x00000007fe15c080,0x0000000800000000)
  to   space 38400K, 0% used [0x00000007fb400000,0x00000007fb400000,0x00000007fd980000)
 ParOldGen       total 81920K, used 68281K [0x0000000787600000, 0x000000078c600000, 0x00000007d7c80000)
  object space 81920K, 83% used [0x0000000787600000,0x000000078b8ae688,0x000000078c600000)
 PSPermGen       total 21504K, used 20196K [0x000000077d000000, 0x000000077e500000, 0x0000000787600000)
  object space 21504K, 93% used [0x000000077d000000,0x000000077e3b9010,0x000000077e500000)

Card table byte_map: [0x00007f7ad528c000,0x00007f7ad56a5000] byte_map_base: 0x00007f7ad16a4000

Polling page: 0x00007f7ad8b7f000

Code Cache  [0x00007f7acd000000, 0x00007f7acd2f0000, 0x00007f7ad0000000)
 total_blobs=1285 nmethods=965 adapters=273 free_code_cache=46228Kb largest_free_block=47271552

Compilation events (10 events):
Event: 12.864 Thread 0x00007f7ad00ab800 1010             org.apache.maven.plugin.descriptor.PluginDescriptorBuilder::buildComponentDescriptor (921 bytes)
Event: 12.963 Thread 0x00007f7ad00ae800 1011             java.nio.DirectLongBufferU::ix (10 bytes)
Event: 12.964 Thread 0x00007f7ad00ae800 nmethod 1011 0x00007f7acd1ea450 code [0x00007f7acd1ea580, 0x00007f7acd1ea5f8]
Event: 13.010 Thread 0x00007f7ad00ae800 1012   !         org.codehaus.classworlds.DefaultClassRealm::loadClass (94 bytes)
Event: 13.519 Thread 0x00007f7ad00ab800 nmethod 1010 0x00007f7acd2da050 code [0x00007f7acd2daca0, 0x00007f7acd2dfc58]
Event: 13.519 Thread 0x00007f7ad00ab800 1013             org.codehaus.plexus.util.SelectorUtils::match (534 bytes)
Event: 13.615 Thread 0x00007f7ad00ab800 nmethod 1013 0x00007f7acd2e7490 code [0x00007f7acd2e77e0, 0x00007f7acd2e9738]
Event: 13.615 Thread 0x00007f7ad00ab800 1014             org.codehaus.plexus.util.SelectorUtils::tokenizePath (38 bytes)
Event: 13.649 Thread 0x00007f7ad00ab800 nmethod 1014 0x00007f7acd2d1c10 code [0x00007f7acd2d1e40, 0x00007f7acd2d2b80]
Event: 13.650 Thread 0x00007f7ad00ab800 1015             org.codehaus.classworlds.RealmClassLoader::loadClassDirect (7 bytes)

GC Heap History (10 events):
Event: 4.689 GC heap after
Heap after GC invocations=6 (full 0):
 PSYoungGen      total 258560K, used 9701K [0x00000007d7c80000, 0x00000007e8580000, 0x0000000800000000)
  eden space 248832K, 0% used [0x00000007d7c80000,0x00000007d7c80000,0x00000007e6f80000)
  from space 9728K, 99% used [0x00000007e7a00000,0x00000007e8379738,0x00000007e8380000)
  to   space 10752K, 0% used [0x00000007e6f80000,0x00000007e6f80000,0x00000007e7a00000)
 ParOldGen       total 81920K, used 8749K [0x0000000787600000, 0x000000078c600000, 0x00000007d7c80000)
  object space 81920K, 10% used [0x0000000787600000,0x0000000787e8b5a0,0x000000078c600000)
 PSPermGen       total 21504K, used 8178K [0x000000077d000000, 0x000000077e500000, 0x0000000787600000)
  object space 21504K, 38% used [0x000000077d000000,0x000000077d7fcb18,0x000000077e500000)
}
Event: 7.745 GC heap before
{Heap before GC invocations=7 (full 0):
 PSYoungGen      total 258560K, used 258533K [0x00000007d7c80000, 0x00000007e8580000, 0x0000000800000000)
  eden space 248832K, 100% used [0x00000007d7c80000,0x00000007e6f80000,0x00000007e6f80000)
  from space 9728K, 99% used [0x00000007e7a00000,0x00000007e8379738,0x00000007e8380000)
  to   space 10752K, 0% used [0x00000007e6f80000,0x00000007e6f80000,0x00000007e7a00000)
 ParOldGen       total 81920K, used 8749K [0x0000000787600000, 0x000000078c600000, 0x00000007d7c80000)
  object space 81920K, 10% used [0x0000000787600000,0x0000000787e8b5a0,0x000000078c600000)
 PSPermGen       total 21504K, used 8578K [0x000000077d000000, 0x000000077e500000, 0x0000000787600000)
  object space 21504K, 39% used [0x000000077d000000,0x000000077d8609a0,0x000000077e500000)
Event: 7.878 GC heap after
Heap after GC invocations=7 (full 0):
 PSYoungGen      total 259584K, used 10752K [0x00000007d7c80000, 0x00000007f9280000, 0x0000000800000000)
  eden space 248832K, 0% used [0x00000007d7c80000,0x00000007d7c80000,0x00000007e6f80000)
  from space 10752K, 100% used [0x00000007e6f80000,0x00000007e7a00000,0x00000007e7a00000)
  to   space 24576K, 0% used [0x00000007f7a80000,0x00000007f7a80000,0x00000007f9280000)
 ParOldGen       total 81920K, used 33336K [0x0000000787600000, 0x000000078c600000, 0x00000007d7c80000)
  object space 81920K, 40% used [0x0000000787600000,0x000000078968e050,0x000000078c600000)
 PSPermGen       total 21504K, used 8578K [0x000000077d000000, 0x000000077e500000, 0x0000000787600000)
  object space 21504K, 39% used [0x000000077d000000,0x000000077d8609a0,0x000000077e500000)
}
Event: 9.985 GC heap before
{Heap before GC invocations=8 (full 0):
 PSYoungGen      total 259584K, used 259584K [0x00000007d7c80000, 0x00000007f9280000, 0x0000000800000000)
  eden space 248832K, 100% used [0x00000007d7c80000,0x00000007e6f80000,0x00000007e6f80000)
  from space 10752K, 100% used [0x00000007e6f80000,0x00000007e7a00000,0x00000007e7a00000)
  to   space 24576K, 0% used [0x00000007f7a80000,0x00000007f7a80000,0x00000007f9280000)
 ParOldGen       total 81920K, used 33336K [0x0000000787600000, 0x000000078c600000, 0x00000007d7c80000)
  object space 81920K, 40% used [0x0000000787600000,0x000000078968e050,0x000000078c600000)
 PSPermGen       total 21504K, used 12725K [0x000000077d000000, 0x000000077e500000, 0x0000000787600000)
  object space 21504K, 59% used [0x000000077d000000,0x000000077dc6d628,0x000000077e500000)
Event: 10.038 GC heap after
Heap after GC invocations=8 (full 0):
 PSYoungGen      total 513024K, used 24565K [0x00000007d7c80000, 0x00000007fa480000, 0x0000000800000000)
  eden space 488448K, 0% used [0x00000007d7c80000,0x00000007d7c80000,0x00000007f5980000)
  from space 24576K, 99% used [0x00000007f7a80000,0x00000007f927d6c8,0x00000007f9280000)
  to   space 33792K, 0% used [0x00000007f5980000,0x00000007f5980000,0x00000007f7a80000)
 ParOldGen       total 81920K, used 44334K [0x0000000787600000, 0x000000078c600000, 0x00000007d7c80000)
  object space 81920K, 54% used [0x0000000787600000,0x000000078a14b8b8,0x000000078c600000)
 PSPermGen       total 21504K, used 12725K [0x000000077d000000, 0x000000077e500000, 0x0000000787600000)
  object space 21504K, 59% used [0x000000077d000000,0x000000077dc6d628,0x000000077e500000)
}
Event: 13.214 GC heap before
{Heap before GC invocations=9 (full 0):
 PSYoungGen      total 513024K, used 513013K [0x00000007d7c80000, 0x00000007fa480000, 0x0000000800000000)
  eden space 488448K, 100% used [0x00000007d7c80000,0x00000007f5980000,0x00000007f5980000)
  from space 24576K, 99% used [0x00000007f7a80000,0x00000007f927d6c8,0x00000007f9280000)
  to   space 33792K, 0% used [0x00000007f5980000,0x00000007f5980000,0x00000007f7a80000)
 ParOldGen       total 81920K, used 44334K [0x0000000787600000, 0x000000078c600000, 0x00000007d7c80000)
  object space 81920K, 54% used [0x0000000787600000,0x000000078a14b8b8,0x000000078c600000)
 PSPermGen       total 21504K, used 19627K [0x000000077d000000, 0x000000077e500000, 0x0000000787600000)
  object space 21504K, 91% used [0x000000077d000000,0x000000077e32af88,0x000000077e500000)
Event: 13.314 GC heap after
Heap after GC invocations=9 (full 0):
 PSYoungGen      total 522240K, used 33468K [0x00000007d7c80000, 0x0000000800000000, 0x0000000800000000)
  eden space 488448K, 0% used [0x00000007d7c80000,0x00000007d7c80000,0x00000007f5980000)
  from space 33792K, 99% used [0x00000007f5980000,0x00000007f7a2f1a0,0x00000007f7a80000)
  to   space 39424K, 0% used [0x00000007fd980000,0x00000007fd980000,0x0000000800000000)
 ParOldGen       total 81920K, used 47158K [0x0000000787600000, 0x000000078c600000, 0x00000007d7c80000)
  object space 81920K, 57% used [0x0000000787600000,0x000000078a40d8b8,0x000000078c600000)
 PSPermGen       total 21504K, used 19627K [0x000000077d000000, 0x000000077e500000, 0x0000000787600000)
  object space 21504K, 91% used [0x000000077d000000,0x000000077e32af88,0x000000077e500000)
}
Event: 13.700 GC heap before
{Heap before GC invocations=10 (full 0):
 PSYoungGen      total 522240K, used 69293K [0x00000007d7c80000, 0x0000000800000000, 0x0000000800000000)
  eden space 488448K, 7% used [0x00000007d7c80000,0x00000007d9f7c580,0x00000007f5980000)
  from space 33792K, 99% used [0x00000007f5980000,0x00000007f7a2f1a0,0x00000007f7a80000)
  to   space 39424K, 0% used [0x00000007fd980000,0x00000007fd980000,0x0000000800000000)
 ParOldGen       total 81920K, used 47158K [0x0000000787600000, 0x000000078c600000, 0x00000007d7c80000)
  object space 81920K, 57% used [0x0000000787600000,0x000000078a40d8b8,0x000000078c600000)
 PSPermGen       total 21504K, used 20196K [0x000000077d000000, 0x000000077e500000, 0x0000000787600000)
  object space 21504K, 93% used [0x000000077d000000,0x000000077e3b9010,0x000000077e500000)
Event: 13.786 GC heap after
Heap after GC invocations=10 (full 0):
 PSYoungGen      total 620544K, used 8048K [0x00000007d7c80000, 0x0000000800000000, 0x0000000800000000)
  eden space 581120K, 0% used [0x00000007d7c80000,0x00000007d7c80000,0x00000007fb400000)
  from space 39424K, 20% used [0x00000007fd980000,0x00000007fe15c080,0x0000000800000000)
  to   space 38400K, 0% used [0x00000007fb400000,0x00000007fb400000,0x00000007fd980000)
 ParOldGen       total 81920K, used 68281K [0x0000000787600000, 0x000000078c600000, 0x00000007d7c80000)
  object space 81920K, 83% used [0x0000000787600000,0x000000078b8ae688,0x000000078c600000)
 PSPermGen       total 21504K, used 20196K [0x000000077d000000, 0x000000077e500000, 0x0000000787600000)
  object space 21504K, 93% used [0x000000077d000000,0x000000077e3b9010,0x000000077e500000)
}
Event: 13.786 GC heap before
{Heap before GC invocations=11 (full 1):
 PSYoungGen      total 620544K, used 8048K [0x00000007d7c80000, 0x0000000800000000, 0x0000000800000000)
  eden space 581120K, 0% used [0x00000007d7c80000,0x00000007d7c80000,0x00000007fb400000)
  from space 39424K, 20% used [0x00000007fd980000,0x00000007fe15c080,0x0000000800000000)
  to   space 38400K, 0% used [0x00000007fb400000,0x00000007fb400000,0x00000007fd980000)
 ParOldGen       total 81920K, used 68281K [0x0000000787600000, 0x000000078c600000, 0x00000007d7c80000)
  object space 81920K, 83% used [0x0000000787600000,0x000000078b8ae688,0x000000078c600000)
 PSPermGen       total 21504K, used 20196K [0x000000077d000000, 0x000000077e500000, 0x0000000787600000)
  object space 21504K, 93% used [0x000000077d000000,0x000000077e3b9010,0x000000077e500000)

Deoptimization events (10 events):
Event: 12.101 Thread 0x00007f7ad000a000 Uncommon trap: reason=null_check action=maybe_recompile pc=0x00007f7acd0eea74 method=org.codehaus.plexus.configuration.xml.XmlPlexusConfiguration.getChild(Ljava/lang/String;Z)Lorg/codehaus/plexus/configuration/PlexusConfiguration; @ 5
Event: 12.340 Thread 0x00007f7ad000a000 Uncommon trap: reason=unreached action=reinterpret pc=0x00007f7acd17118c method=java.util.TreeMap.getEntry(Ljava/lang/Object;)Ljava/util/TreeMap$Entry; @ 4
Event: 13.052 Thread 0x00007f7ad000a000 Uncommon trap: reason=unreached action=reinterpret pc=0x00007f7acd0efca8 method=java.lang.Class.getName()Ljava/lang/String; @ 6
Event: 13.055 Thread 0x00007f7ad000a000 Uncommon trap: reason=unreached action=reinterpret pc=0x00007f7acd2c6af8 method=java.util.HashMap.put(Ljava/lang/Object;Ljava/lang/Object;)Ljava/lang/Object; @ 19
Event: 13.157 Thread 0x00007f7ad07cd000 Uncommon trap: reason=unloaded action=reinterpret pc=0x00007f7acd1261dc method=java.lang.CharacterData.of(I)Ljava/lang/CharacterData; @ 96
Event: 13.604 Thread 0x00007f7ad000a000 Uncommon trap: reason=unreached action=reinterpret pc=0x00007f7acd2a05cc method=sun.util.calendar.ZoneInfo.getOffsets(J[II)I @ 4
Event: 13.667 Thread 0x00007f7ad000a000 Uncommon trap: reason=bimorphic action=maybe_recompile pc=0x00007f7acd0e8588 method=java.util.regex.Pattern$CharProperty.match(Ljava/util/regex/Matcher;ILjava/lang/CharSequence;)Z @ 37
Event: 13.667 Thread 0x00007f7ad000a000 Uncommon trap: reason=bimorphic action=maybe_recompile pc=0x00007f7acd0e8588 method=java.util.regex.Pattern$CharProperty.match(Ljava/util/regex/Matcher;ILjava/lang/CharSequence;)Z @ 37
Event: 13.667 Thread 0x00007f7ad000a000 Uncommon trap: reason=bimorphic action=maybe_recompile pc=0x00007f7acd0e8588 method=java.util.regex.Pattern$CharProperty.match(Ljava/util/regex/Matcher;ILjava/lang/CharSequence;)Z @ 37
Event: 13.674 Thread 0x00007f7ad000a000 Uncommon trap: reason=class_check action=maybe_recompile pc=0x00007f7acd1eb284 method=java.util.zip.InflaterInputStream.read([BII)I @ 100

Internal exceptions (10 events):
Event: 13.618 Thread 0x00007f7ad000a000 Threw 0x00000007d9adecc0 at /build/buildd/openjdk-7-7u71-2.5.3/build/openjdk/hotspot/src/share/vm/prims/jvm.cpp:1284
Event: 13.618 Thread 0x00007f7ad000a000 Threw 0x00000007d9adf4a0 at /build/buildd/openjdk-7-7u71-2.5.3/build/openjdk/hotspot/src/share/vm/prims/jvm.cpp:1284
Event: 13.618 Thread 0x00007f7ad000a000 Threw 0x00000007d9ae43e8 at /build/buildd/openjdk-7-7u71-2.5.3/build/openjdk/hotspot/src/share/vm/prims/jvm.cpp:1284
Event: 13.619 Thread 0x00007f7ad000a000 Threw 0x00000007d9ae5678 at /build/buildd/openjdk-7-7u71-2.5.3/build/openjdk/hotspot/src/share/vm/prims/jvm.cpp:1284
Event: 13.619 Thread 0x00007f7ad000a000 Threw 0x00000007d9ae5dc8 at /build/buildd/openjdk-7-7u71-2.5.3/build/openjdk/hotspot/src/share/vm/prims/jvm.cpp:1284
Event: 13.621 Thread 0x00007f7ad000a000 Threw 0x00000007d9af0f40 at /build/buildd/openjdk-7-7u71-2.5.3/build/openjdk/hotspot/src/share/vm/prims/jvm.cpp:1284
Event: 13.621 Thread 0x00007f7ad000a000 Threw 0x00000007d9af1b90 at /build/buildd/openjdk-7-7u71-2.5.3/build/openjdk/hotspot/src/share/vm/prims/jvm.cpp:1284
Event: 13.621 Thread 0x00007f7ad000a000 Threw 0x00000007d9af1fd0 at /build/buildd/openjdk-7-7u71-2.5.3/build/openjdk/hotspot/src/share/vm/prims/jvm.cpp:1284
Event: 13.699 Thread 0x00007f7ad000a000 Threw 0x00000007d9d15df8 at /build/buildd/openjdk-7-7u71-2.5.3/build/openjdk/hotspot/src/share/vm/prims/jvm.cpp:1284
Event: 13.699 Thread 0x00007f7ad000a000 Threw 0x00000007d9d162a8 at /build/buildd/openjdk-7-7u71-2.5.3/build/openjdk/hotspot/src/share/vm/prims/jvm.cpp:1284

Events (10 events):
Event: 13.685 loading class 0x00007f7ad0f67440 done
Event: 13.693 loading class 0x00007f7ad04da030
Event: 13.693 loading class 0x00007f7ad04da030 done
Event: 13.697 loading class 0x00007f7ad04d6a90
Event: 13.697 loading class 0x00007f7ad04d6a90 done
Event: 13.699 loading class 0x00007f7ad026dc80
Event: 13.699 loading class 0x00007f7ad026dc80 done
Event: 13.699 loading class 0x00007f7ad026dc80
Event: 13.699 loading class 0x00007f7ad026dc80 done
Event: 13.700 Executing VM operation: ParallelGCSystemGC


Dynamic libraries:
00400000-00401000 r-xp 00000000 08:01 3284586                            /usr/lib/jvm/java-7-openjdk-amd64/jre/bin/java
00600000-00601000 r--p 00000000 08:01 3284586                            /usr/lib/jvm/java-7-openjdk-amd64/jre/bin/java
00601000-00602000 rw-p 00001000 08:01 3284586                            /usr/lib/jvm/java-7-openjdk-amd64/jre/bin/java
0073d000-0075e000 rw-p 00000000 00:00 0                                  [heap]
77d000000-77e500000 rw-p 00000000 00:00 0 
77e500000-787600000 rw-p 00000000 00:00 0 
787600000-78c600000 rw-p 00000000 00:00 0 
78c600000-7d7c80000 rw-p 00000000 00:00 0 
7d7c80000-800000000 rw-p 00000000 00:00 0 
7f7a6c000000-7f7a6c021000 rw-p 00000000 00:00 0 
7f7a6c021000-7f7a70000000 ---p 00000000 00:00 0 
7f7a70000000-7f7a70021000 rw-p 00000000 00:00 0 
7f7a70021000-7f7a74000000 ---p 00000000 00:00 0 
7f7a74000000-7f7a74021000 rw-p 00000000 00:00 0 
7f7a74021000-7f7a78000000 ---p 00000000 00:00 0 
7f7a78000000-7f7a78021000 rw-p 00000000 00:00 0 
7f7a78021000-7f7a7c000000 ---p 00000000 00:00 0 
7f7a7c000000-7f7a7c021000 rw-p 00000000 00:00 0 
7f7a7c021000-7f7a80000000 ---p 00000000 00:00 0 
7f7a80000000-7f7a80021000 rw-p 00000000 00:00 0 
7f7a80021000-7f7a84000000 ---p 00000000 00:00 0 
7f7a84000000-7f7a84021000 rw-p 00000000 00:00 0 
7f7a84021000-7f7a88000000 ---p 00000000 00:00 0 
7f7a88000000-7f7a88021000 rw-p 00000000 00:00 0 
7f7a88021000-7f7a8c000000 ---p 00000000 00:00 0 
7f7a8c000000-7f7a8c021000 rw-p 00000000 00:00 0 
7f7a8c021000-7f7a90000000 ---p 00000000 00:00 0 
7f7a90000000-7f7a90021000 rw-p 00000000 00:00 0 
7f7a90021000-7f7a94000000 ---p 00000000 00:00 0 
7f7a94000000-7f7a94021000 rw-p 00000000 00:00 0 
7f7a94021000-7f7a98000000 ---p 00000000 00:00 0 
7f7a9c000000-7f7a9d466000 rw-p 00000000 00:00 0 
7f7a9d466000-7f7aa0000000 ---p 00000000 00:00 0 
7f7aa0000000-7f7aa154f000 rw-p 00000000 00:00 0 
7f7aa154f000-7f7aa4000000 ---p 00000000 00:00 0 
7f7aa4000000-7f7aa4021000 rw-p 00000000 00:00 0 
7f7aa4021000-7f7aa8000000 ---p 00000000 00:00 0 
7f7aa8000000-7f7aa8021000 rw-p 00000000 00:00 0 
7f7aa8021000-7f7aac000000 ---p 00000000 00:00 0 
7f7aac000000-7f7aac021000 rw-p 00000000 00:00 0 
7f7aac021000-7f7ab0000000 ---p 00000000 00:00 0 
7f7ab0000000-7f7ab0021000 rw-p 00000000 00:00 0 
7f7ab0021000-7f7ab4000000 ---p 00000000 00:00 0 
7f7ab4000000-7f7ab4021000 rw-p 00000000 00:00 0 
7f7ab4021000-7f7ab8000000 ---p 00000000 00:00 0 
7f7ab8000000-7f7ab8021000 rw-p 00000000 00:00 0 
7f7ab8021000-7f7abc000000 ---p 00000000 00:00 0 
7f7abc000000-7f7abc021000 rw-p 00000000 00:00 0 
7f7abc021000-7f7ac0000000 ---p 00000000 00:00 0 
7f7ac0e07000-7f7ac0e10000 r--s 000b9000 08:01 3277030                    /usr/lib/jvm/java-7-openjdk-amd64/jre/lib/resources.jar
7f7ac1350000-7f7ac1351000 rw-p 00000000 00:00 0 
7f7ac1351000-7f7ac1352000 r--s 00002000 08:01 793759                     /home/eranda/.m2/repository/org/codehaus/plexus/plexus-digest/1.0/plexus-digest-1.0.jar
7f7ac1352000-7f7ac1356000 r--s 00035000 08:01 793756                     /home/eranda/.m2/repository/org/codehaus/plexus/plexus-utils/3.0.5/plexus-utils-3.0.5.jar
7f7ac1356000-7f7ac1357000 r--s 00005000 08:01 795630                     /home/eranda/.m2/repository/org/apache/maven/shared/maven-repository-builder/1.0-alpha-2/maven-repository-builder-1.0-alpha-2.jar
7f7ac1357000-7f7ac1358000 r--s 00004000 08:01 795585                     /home/eranda/.m2/repository/org/apache/maven/maven-archiver/2.4/maven-archiver-2.4.jar
7f7ac1358000-7f7ac135a000 r--s 00004000 08:01 795645                     /home/eranda/.m2/repository/org/codehaus/plexus/plexus-active-collections/1.0-beta-2/plexus-active-collections-1.0-beta-2.jar
7f7ac135a000-7f7ac135c000 r--s 00008000 08:01 795609                     /home/eranda/.m2/repository/org/apache/maven/shared/maven-shared-io/1.1/maven-shared-io-1.1.jar
7f7ac135c000-7f7ac135e000 r--s 00006000 08:01 795594                     /home/eranda/.m2/repository/org/apache/maven/shared/file-management/1.1/file-management-1.1.jar
7f7ac135e000-7f7ac1360000 r--s 0000a000 08:01 795627                     /home/eranda/.m2/repository/org/codehaus/plexus/plexus-io/1.0-alpha-4/plexus-io-1.0-alpha-4.jar
7f7ac1360000-7f7ac1362000 r--s 0000b000 08:01 795612                     /home/eranda/.m2/repository/org/codehaus/plexus/plexus-interpolation/1.7/plexus-interpolation-1.7.jar
7f7ac1362000-7f7ac1366000 r--s 00028000 08:01 795582                     /home/eranda/.m2/repository/org/codehaus/plexus/plexus-archiver/1.0-alpha-12/plexus-archiver-1.0-alpha-12.jar
7f7ac1366000-7f7ac1367000 r--s 00007000 08:01 795287                     /home/eranda/.m2/repository/org/apache/maven/shared/maven-plugin-testing-harness/1.1/maven-plugin-testing-harness-1.1.jar
7f7ac1367000-7f7ac136c000 r--s 00040000 08:01 795279                     /home/eranda/.m2/repository/org/codehaus/plexus/plexus-utils/1.5.12/plexus-utils-1.5.12.jar
7f7ac136c000-7f7ac136e000 r--s 00006000 08:01 3151208                    /home/eranda/.m2/repository/org/apache/maven/shared/maven-common-artifact-filters/1.1/maven-common-artifact-filters-1.1.jar
7f7ac136e000-7f7ac1371000 ---p 00000000 00:00 0 
7f7ac1371000-7f7ac146f000 rw-p 00000000 00:00 0 
7f7ac146f000-7f7ac1472000 ---p 00000000 00:00 0 
7f7ac1472000-7f7ac1570000 rw-p 00000000 00:00 0 
7f7ac1570000-7f7ac1573000 ---p 00000000 00:00 0 
7f7ac1573000-7f7ac1671000 rw-p 00000000 00:00 0 
7f7ac1671000-7f7ac1673000 r--s 00006000 08:01 3150253                    /home/eranda/.m2/repository/org/apache/maven/shared/maven-common-artifact-filters/1.3/maven-common-artifact-filters-1.3.jar
7f7ac1673000-7f7ac1676000 r--s 00034000 08:01 793097                     /home/eranda/.m2/repository/org/codehaus/plexus/plexus-utils/2.1/plexus-utils-2.1.jar
7f7ac1676000-7f7ac1678000 r--s 0000d000 08:01 3150261                    /home/eranda/.m2/repository/org/apache/maven/surefire/maven-surefire-common/2.10/maven-surefire-common-2.10.jar
7f7ac1678000-7f7ac167d000 r--s 00023000 08:01 3150258                    /home/eranda/.m2/repository/org/apache/maven/surefire/surefire-api/2.10/surefire-api-2.10.jar
7f7ac167d000-7f7ac167f000 r--s 00007000 08:01 3150252                    /home/eranda/.m2/repository/org/apache/maven/surefire/surefire-booter/2.10/surefire-booter-2.10.jar
7f7ac167f000-7f7ac16e9000 r--s 0069e000 08:01 3289424                    /usr/lib/jvm/java-7-openjdk-amd64/lib/tools.jar
7f7ac16e9000-7f7ac16ea000 r--s 00002000 08:01 3151139                    /home/eranda/.m2/repository/org/codehaus/plexus/plexus-compiler-javac/1.5.1/plexus-compiler-javac-1.5.1.jar
7f7ac16ea000-7f7ac16eb000 r--s 00001000 08:01 3150925                    /home/eranda/.m2/repository/org/codehaus/plexus/plexus-compiler-manager/1.5.1/plexus-compiler-manager-1.5.1.jar
7f7ac16eb000-7f7ac16ef000 r--s 00034000 08:01 791475                     /home/eranda/.m2/repository/org/codehaus/plexus/plexus-utils/1.5.15/plexus-utils-1.5.15.jar
7f7ac16ef000-7f7ac16f1000 r--s 00004000 08:01 3150917                    /home/eranda/.m2/repository/org/codehaus/plexus/plexus-compiler-api/1.5.1/plexus-compiler-api-1.5.1.jar
7f7ac16f1000-7f7ac16f3000 r--s 0000b000 08:01 2365326                    /home/eranda/.m2/repository/org/codehaus/plexus/plexus-interpolation/1.6/plexus-interpolation-1.6.jar
7f7ac16f3000-7f7ac16f5000 r--s 00007000 08:01 3150147                    /home/eranda/.m2/repository/org/apache/maven/shared/maven-filtering/1.0-beta-2/maven-filtering-1.0-beta-2.jar
7f7ac16f5000-7f7ac16fa000 r--s 00039000 08:01 3150148                    /home/eranda/.m2/repository/org/codehaus/plexus/plexus-utils/1.5.6/plexus-utils-1.5.6.jar
7f7ac16fa000-7f7ac16fb000 r--s 00006000 08:01 793349                     /home/eranda/.m2/repository/org/apache/maven/plugins/maven-install-plugin/2.4/maven-install-plugin-2.4.jar
7f7ac16fb000-7f7ac16fd000 r--s 00006000 08:01 793812                     /home/eranda/.m2/repository/org/apache/maven/plugins/maven-surefire-plugin/2.10/maven-surefire-plugin-2.10.jar
7f7ac16fd000-7f7ac16ff000 r--s 00004000 08:01 793794                     /home/eranda/.m2/repository/org/apache/maven/plugins/maven-resources-plugin/2.3/maven-resources-plugin-2.3.jar
7f7ac16ff000-7f7ac1703000 r--s 00034000 08:01 790195                     /home/eranda/.m2/repository/org/codehaus/plexus/plexus-utils/3.0/plexus-utils-3.0.jar
7f7ac1703000-7f7ac1707000 r--s 0002f000 08:01 794967                     /home/eranda/.m2/repository/org/apache/maven/plugins/maven-assembly-plugin/2.2-beta-4/maven-assembly-plugin-2.2-beta-4.jar
7f7ac1707000-7f7ac1708000 r--s 00003000 08:01 793374                     /home/eranda/.m2/repository/org/apache/maven/plugins/maven-compiler-plugin/2.0/maven-compiler-plugin-2.0.jar
7f7ac1708000-7f7ac170a000 r--s 00005000 08:01 793282                     /home/eranda/.m2/repository/org/apache/maven/plugins/maven-clean-plugin/2.5/maven-clean-plugin-2.5.jar
7f7ac170a000-7f7ac170c000 r--s 00004000 08:01 794831                     /home/eranda/.m2/repository/org/apache/maven/doxia/doxia-module-xhtml/1.0/doxia-module-xhtml-1.0.jar
7f7ac170c000-7f7ac170d000 r--s 00006000 08:01 794828                     /home/eranda/.m2/repository/org/apache/maven/doxia/doxia-module-xdoc/1.0/doxia-module-xdoc-1.0.jar
7f7ac170d000-7f7ac170e000 r--s 00004000 08:01 794825                     /home/eranda/.m2/repository/org/apache/maven/doxia/doxia-module-fml/1.0/doxia-module-fml-1.0.jar
7f7ac170e000-7f7ac1710000 r--s 0000a000 08:01 794822                     /home/eranda/.m2/repository/org/apache/maven/doxia/doxia-module-apt/1.0/doxia-module-apt-1.0.jar
7f7ac1710000-7f7ac1711000 r--s 0000b000 08:01 794819                     /home/eranda/.m2/repository/org/apache/maven/doxia/doxia-decoration-model/1.0/doxia-decoration-model-1.0.jar
7f7ac1711000-7f7ac1715000 r--s 0002f000 08:01 793678                     /home/eranda/.m2/repository/commons-lang/commons-lang/2.1/commons-lang-2.1.jar
7f7ac1715000-7f7ac1722000 r--s 0007f000 08:01 793692                     /home/eranda/.m2/repository/commons-collections/commons-collections/3.2/commons-collections-3.2.jar
7f7ac1722000-7f7ac1740000 r--s 00196000 08:01 794564                     /home/eranda/.m2/repository/biz/aQute/bnd/bndlib/2.3.0/bndlib-2.3.0.jar
7f7ac1740000-7f7ac1743000 ---p 00000000 00:00 0 
7f7ac1743000-7f7ac1841000 rw-p 00000000 00:00 0                          [stack:18374]
7f7ac1841000-7f7ac1844000 ---p 00000000 00:00 0 
7f7ac1844000-7f7ac1942000 rw-p 00000000 00:00 0                          [stack:18373]
7f7ac1942000-7f7ac1945000 ---p 00000000 00:00 0 
7f7ac1945000-7f7ac1a43000 rw-p 00000000 00:00 0                          [stack:18372]
7f7ac1a43000-7f7ac1a46000 ---p 00000000 00:00 0 
7f7ac1a46000-7f7ac1b44000 rw-p 00000000 00:00 0                          [stack:18371]
7f7ac1b44000-7f7ac1b47000 ---p 00000000 00:00 0 
7f7ac1b47000-7f7ac1c45000 rw-p 00000000 00:00 0                          [stack:18370]
7f7ac1c45000-7f7ac1c48000 ---p 00000000 00:00 0 
7f7ac1c48000-7f7ac1c7e000 rw-p 00000000 00:00 0                          [stack:18369]
7f7ac1c7e000-7f7ac1cbb000 r-xp 00000000 08:01 93680                      /lib/x86_64-linux-gnu/libpcre.so.3.13.1
7f7ac1cbb000-7f7ac1eba000 ---p 0003d000 08:01 93680                      /lib/x86_64-linux-gnu/libpcre.so.3.13.1
7f7ac1eba000-7f7ac1ebb000 r--p 0003c000 08:01 93680                      /lib/x86_64-linux-gnu/libpcre.so.3.13.1
7f7ac1ebb000-7f7ac1ebc000 rw-p 0003d000 08:01 93680                      /lib/x86_64-linux-gnu/libpcre.so.3.13.1
7f7ac1ebc000-7f7ac1ec3000 r-xp 00000000 08:01 3285060                    /usr/lib/x86_64-linux-gnu/libffi.so.6.0.1
7f7ac1ec3000-7f7ac20c2000 ---p 00007000 08:01 3285060                    /usr/lib/x86_64-linux-gnu/libffi.so.6.0.1
7f7ac20c2000-7f7ac20c3000 r--p 00006000 08:01 3285060                    /usr/lib/x86_64-linux-gnu/libffi.so.6.0.1
7f7ac20c3000-7f7ac20c4000 rw-p 00007000 08:01 3285060                    /usr/lib/x86_64-linux-gnu/libffi.so.6.0.1
7f7ac20c4000-7f7ac20db000 r-xp 00000000 08:01 17806                      /lib/x86_64-linux-gnu/libresolv-2.19.so
7f7ac20db000-7f7ac22db000 ---p 00017000 08:01 17806                      /lib/x86_64-linux-gnu/libresolv-2.19.so
7f7ac22db000-7f7ac22dc000 r--p 00017000 08:01 17806                      /lib/x86_64-linux-gnu/libresolv-2.19.so
7f7ac22dc000-7f7ac22dd000 rw-p 00018000 08:01 17806                      /lib/x86_64-linux-gnu/libresolv-2.19.so
7f7ac22dd000-7f7ac22df000 rw-p 00000000 00:00 0 
7f7ac22df000-7f7ac22ff000 r-xp 00000000 08:01 47744                      /lib/x86_64-linux-gnu/libselinux.so.1
7f7ac22ff000-7f7ac24fe000 ---p 00020000 08:01 47744                      /lib/x86_64-linux-gnu/libselinux.so.1
7f7ac24fe000-7f7ac24ff000 r--p 0001f000 08:01 47744                      /lib/x86_64-linux-gnu/libselinux.so.1
7f7ac24ff000-7f7ac2500000 rw-p 00020000 08:01 47744                      /lib/x86_64-linux-gnu/libselinux.so.1
7f7ac2500000-7f7ac2502000 rw-p 00000000 00:00 0 
7f7ac2502000-7f7ac2505000 r-xp 00000000 08:01 3289867                    /usr/lib/x86_64-linux-gnu/libgmodule-2.0.so.0.4002.0
7f7ac2505000-7f7ac2704000 ---p 00003000 08:01 3289867                    /usr/lib/x86_64-linux-gnu/libgmodule-2.0.so.0.4002.0
7f7ac2704000-7f7ac2705000 r--p 00002000 08:01 3289867                    /usr/lib/x86_64-linux-gnu/libgmodule-2.0.so.0.4002.0
7f7ac2705000-7f7ac2706000 rw-p 00003000 08:01 3289867                    /usr/lib/x86_64-linux-gnu/libgmodule-2.0.so.0.4002.0
7f7ac2706000-7f7ac280c000 r-xp 00000000 08:01 11452                      /lib/x86_64-linux-gnu/libglib-2.0.so.0.4002.0
7f7ac280c000-7f7ac2a0b000 ---p 00106000 08:01 11452                      /lib/x86_64-linux-gnu/libglib-2.0.so.0.4002.0
7f7ac2a0b000-7f7ac2a0c000 r--p 00105000 08:01 11452                      /lib/x86_64-linux-gnu/libglib-2.0.so.0.4002.0
7f7ac2a0c000-7f7ac2a0d000 rw-p 00106000 08:01 11452                      /lib/x86_64-linux-gnu/libglib-2.0.so.0.4002.0
7f7ac2a0d000-7f7ac2a0e000 rw-p 00000000 00:00 0 
7f7ac2a0e000-7f7ac2a5d000 r-xp 00000000 08:01 3289869                    /usr/lib/x86_64-linux-gnu/libgobject-2.0.so.0.4002.0
7f7ac2a5d000-7f7ac2c5d000 ---p 0004f000 08:01 3289869                    /usr/lib/x86_64-linux-gnu/libgobject-2.0.so.0.4002.0
7f7ac2c5d000-7f7ac2c5e000 r--p 0004f000 08:01 3289869                    /usr/lib/x86_64-linux-gnu/libgobject-2.0.so.0.4002.0
7f7ac2c5e000-7f7ac2c5f000 rw-p 00050000 08:01 3289869                    /usr/lib/x86_64-linux-gnu/libgobject-2.0.so.0.4002.0
7f7ac2c5f000-7f7ac2dcb000 r-xp 00000000 08:01 3289871                    /usr/lib/x86_64-linux-gnu/libgio-2.0.so.0.4002.0
7f7ac2dcb000-7f7ac2fca000 ---p 0016c000 08:01 3289871                    /usr/lib/x86_64-linux-gnu/libgio-2.0.so.0.4002.0
7f7ac2fca000-7f7ac2fce000 r--p 0016b000 08:01 3289871                    /usr/lib/x86_64-linux-gnu/libgio-2.0.so.0.4002.0
7f7ac2fce000-7f7ac2fd0000 rw-p 0016f000 08:01 3289871                    /usr/lib/x86_64-linux-gnu/libgio-2.0.so.0.4002.0
7f7ac2fd0000-7f7ac2fd2000 rw-p 00000000 00:00 0 
7f7ac2fd2000-7f7ac2fd4000 r--s 0000e000 08:01 793663                     /home/eranda/.m2/repository/oro/oro/2.0.8/oro-2.0.8.jar
7f7ac2fd4000-7f7ac2fdc000 r--s 00058000 08:01 793676                     /home/eranda/.m2/repository/org/apache/velocity/velocity/1.5/velocity-1.5.jar
7f7ac2fdc000-7f7ac2fdd000 r--s 00001000 08:01 794816                     /home/eranda/.m2/repository/org/codehaus/plexus/plexus-velocity/1.1.7/plexus-velocity-1.1.7.jar
7f7ac2fdd000-7f7ac2fe0000 r--s 0000b000 08:01 794813                     /home/eranda/.m2/repository/org/apache/maven/doxia/doxia-core/1.0/doxia-core-1.0.jar
7f7ac2fe0000-7f7ac2fe2000 r--s 0000a000 08:01 794809                     /home/eranda/.m2/repository/org/apache/maven/doxia/doxia-site-renderer/1.0/doxia-site-renderer-1.0.jar
7f7ac2fe2000-7f7ac2fe6000 r--s 0001d000 08:01 794783                     /home/eranda/.m2/repository/org/eclipse/aether/aether-util/0.9.0.M2/aether-util-0.9.0.M2.jar
7f7ac2fe6000-7f7ac2fe8000 r--s 00000000 08:01 794617                     /home/eranda/.m2/repository/org/codehaus/plexus/plexus-component-annotations/1.5.5/plexus-component-annotations-1.5.5.jar
7f7ac2fe8000-7f7ac2feb000 r--s 0000c000 08:01 794609                     /home/eranda/.m2/repository/org/apache/maven/shared/maven-dependency-tree/2.1/maven-dependency-tree-2.1.jar
7f7ac2feb000-7f7ac2fee000 r--s 0000c000 08:01 794599                     /home/eranda/.m2/repository/org/codehaus/plexus/plexus-io/2.0.2/plexus-io-2.0.2.jar
7f7ac2fee000-7f7ac3005000 r-xp 00000000 08:01 3281169                    /usr/lib/jvm/java-7-openjdk-amd64/jre/lib/amd64/libnet.so
7f7ac3005000-7f7ac3204000 ---p 00017000 08:01 3281169                    /usr/lib/jvm/java-7-openjdk-amd64/jre/lib/amd64/libnet.so
7f7ac3204000-7f7ac3205000 r--p 00016000 08:01 3281169                    /usr/lib/jvm/java-7-openjdk-amd64/jre/lib/amd64/libnet.so
7f7ac3205000-7f7ac3206000 rw-p 00017000 08:01 3281169                    /usr/lib/jvm/java-7-openjdk-amd64/jre/lib/amd64/libnet.so
7f7ac3206000-7f7ac3216000 r-xp 00000000 08:01 3284369                    /usr/lib/jvm/java-7-openjdk-amd64/jre/lib/amd64/libnio.so
7f7ac3216000-7f7ac3416000 ---p 00010000 08:01 3284369                    /usr/lib/jvm/java-7-openjdk-amd64/jre/lib/amd64/libnio.so
7f7ac3416000-7f7ac3417000 r--p 00010000 08:01 3284369                    /usr/lib/jvm/java-7-openjdk-amd64/jre/lib/amd64/libnio.so
7f7ac3417000-7f7ac3418000 rw-p 00011000 08:01 3284369                    /usr/lib/jvm/java-7-openjdk-amd64/jre/lib/amd64/libnio.so
7f7ac3418000-7f7ac3419000 ---p 00000000 00:00 0 
7f7ac3419000-7f7ac3519000 rw-p 00000000 00:00 0                          [stack:18367]
7f7ac3519000-7f7ac351c000 ---p 00000000 00:00 0 
7f7ac351c000-7f7ac361a000 rw-p 00000000 00:00 0                          [stack:18366]
7f7ac361a000-7f7ac361d000 ---p 00000000 00:00 0 
7f7ac361d000-7f7ac371b000 rw-p 00000000 00:00 0                          [stack:18365]
7f7ac371b000-7f7ac371e000 ---p 00000000 00:00 0 
7f7ac371e000-7f7ac381c000 rw-p 00000000 00:00 0                          [stack:18364]
7f7ac381c000-7f7ac381f000 ---p 00000000 00:00 0 
7f7ac381f000-7f7ac391d000 rw-p 00000000 00:00 0                          [stack:18363]
7f7ac391d000-7f7ac4000000 r--p 00000000 08:01 3283780                    /usr/lib/locale/locale-archive
7f7ac4000000-7f7ac4249000 rw-p 00000000 00:00 0 
7f7ac4249000-7f7ac8000000 ---p 00000000 00:00 0 
7f7ac8000000-7f7ac8002000 r--s 0000d000 08:01 3292014                    /home/eranda/.m2/repository/org/codehaus/plexus/plexus-interpolation/1.15/plexus-interpolation-1.15.jar
7f7ac8002000-7f7ac8007000 r--s 00029000 08:01 3292002                    /home/eranda/.m2/repository/org/codehaus/plexus/plexus-archiver/2.1/plexus-archiver-2.1.jar
7f7ac8007000-7f7ac8030000 r--s 001f4000 08:01 3290606                    /usr/share/maven2/lib/maven-debian-uber.jar
7f7ac8030000-7f7ac8033000 ---p 00000000 00:00 0 
7f7ac8033000-7f7ac8131000 rw-p 00000000 00:00 0                          [stack:18362]
7f7ac8131000-7f7ac8134000 ---p 00000000 00:00 0 
7f7ac8134000-7f7ac8232000 rw-p 00000000 00:00 0                          [stack:18361]
7f7ac8232000-7f7ac8233000 ---p 00000000 00:00 0 
7f7ac8233000-7f7acd000000 rw-p 00000000 00:00 0                          [stack:18360]
7f7acd000000-7f7acd2f0000 rwxp 00000000 00:00 0 
7f7acd2f0000-7f7ad0fbd000 rw-p 00000000 00:00 0 
7f7ad0fbd000-7f7ad4000000 ---p 00000000 00:00 0 
7f7ad4000000-7f7ad4002000 r--s 00004000 08:01 3292188                    /home/eranda/.m2/repository/org/apache/maven/maven-archiver/2.5/maven-archiver-2.5.jar
7f7ad4002000-7f7ad4006000 r--s 00035000 08:01 794792                     /home/eranda/.m2/repository/org/codehaus/plexus/plexus-utils/3.0.10/plexus-utils-3.0.10.jar
7f7ad4006000-7f7ad4014000 r--s 00088000 08:01 794591                     /home/eranda/.m2/repository/org/osgi/org.osgi.compendium/4.2.0/org.osgi.compendium-4.2.0.jar
7f7ad4014000-7f7ad4016000 r--s 0000f000 08:01 794581                     /home/eranda/.m2/repository/org/apache/felix/org.apache.felix.utils/1.6.0/org.apache.felix.utils-1.6.0.jar
7f7ad4016000-7f7ad44c6000 rw-p 00000000 00:00 0 
7f7ad44c6000-7f7ad4677000 r--s 01d25000 08:01 3284558                    /usr/lib/jvm/java-7-openjdk-amd64/jre/lib/rt.jar
7f7ad4677000-7f7ad4bb1000 rw-p 00000000 00:00 0 
7f7ad4bb1000-7f7ad4bb2000 ---p 00000000 00:00 0 
7f7ad4bb2000-7f7ad4cb2000 rw-p 00000000 00:00 0                          [stack:18359]
7f7ad4cb2000-7f7ad4cb3000 ---p 00000000 00:00 0 
7f7ad4cb3000-7f7ad4db3000 rw-p 00000000 00:00 0                          [stack:18358]
7f7ad4db3000-7f7ad4db4000 ---p 00000000 00:00 0 
7f7ad4db4000-7f7ad4eb4000 rw-p 00000000 00:00 0                          [stack:18357]
7f7ad4eb4000-7f7ad4eb5000 ---p 00000000 00:00 0 
7f7ad4eb5000-7f7ad4fc0000 rw-p 00000000 00:00 0                          [stack:18356]
7f7ad4fc0000-7f7ad5008000 rw-p 00000000 00:00 0 
7f7ad5008000-7f7ad5030000 rw-p 00000000 00:00 0 
7f7ad5030000-7f7ad528c000 rw-p 00000000 00:00 0 
7f7ad528c000-7f7ad5297000 rw-p 00000000 00:00 0 
7f7ad5297000-7f7ad52df000 rw-p 00000000 00:00 0 
7f7ad52df000-7f7ad5307000 rw-p 00000000 00:00 0 
7f7ad5307000-7f7ad5562000 rw-p 00000000 00:00 0 
7f7ad5562000-7f7ad56a4000 rw-p 00000000 00:00 0 
7f7ad56a4000-7f7ad56a5000 rw-p 00000000 00:00 0 
7f7ad56a5000-7f7ad56ad000 r-xp 00000000 08:01 3280973                    /usr/lib/jvm/java-7-openjdk-amd64/jre/lib/amd64/libzip.so
7f7ad56ad000-7f7ad58ac000 ---p 00008000 08:01 3280973                    /usr/lib/jvm/java-7-openjdk-amd64/jre/lib/amd64/libzip.so
7f7ad58ac000-7f7ad58ad000 r--p 00007000 08:01 3280973                    /usr/lib/jvm/java-7-openjdk-amd64/jre/lib/amd64/libzip.so
7f7ad58ad000-7f7ad58ae000 rw-p 00008000 08:01 3280973                    /usr/lib/jvm/java-7-openjdk-amd64/jre/lib/amd64/libzip.so
7f7ad58ae000-7f7ad58b9000 r-xp 00000000 08:01 18645                      /lib/x86_64-linux-gnu/libnss_files-2.19.so
7f7ad58b9000-7f7ad5ab8000 ---p 0000b000 08:01 18645                      /lib/x86_64-linux-gnu/libnss_files-2.19.so
7f7ad5ab8000-7f7ad5ab9000 r--p 0000a000 08:01 18645                      /lib/x86_64-linux-gnu/libnss_files-2.19.so
7f7ad5ab9000-7f7ad5aba000 rw-p 0000b000 08:01 18645                      /lib/x86_64-linux-gnu/libnss_files-2.19.so
7f7ad5aba000-7f7ad5ac5000 r-xp 00000000 08:01 18669                      /lib/x86_64-linux-gnu/libnss_nis-2.19.so
7f7ad5ac5000-7f7ad5cc4000 ---p 0000b000 08:01 18669                      /lib/x86_64-linux-gnu/libnss_nis-2.19.so
7f7ad5cc4000-7f7ad5cc5000 r--p 0000a000 08:01 18669                      /lib/x86_64-linux-gnu/libnss_nis-2.19.so
7f7ad5cc5000-7f7ad5cc6000 rw-p 0000b000 08:01 18669                      /lib/x86_64-linux-gnu/libnss_nis-2.19.so
7f7ad5cc6000-7f7ad5cdd000 r-xp 00000000 08:01 18629                      /lib/x86_64-linux-gnu/libnsl-2.19.so
7f7ad5cdd000-7f7ad5edc000 ---p 00017000 08:01 18629                      /lib/x86_64-linux-gnu/libnsl-2.19.so
7f7ad5edc000-7f7ad5edd000 r--p 00016000 08:01 18629                      /lib/x86_64-linux-gnu/libnsl-2.19.so
7f7ad5edd000-7f7ad5ede000 rw-p 00017000 08:01 18629                      /lib/x86_64-linux-gnu/libnsl-2.19.so
7f7ad5ede000-7f7ad5ee0000 rw-p 00000000 00:00 0 
7f7ad5ee0000-7f7ad5ee9000 r-xp 00000000 08:01 18657                      /lib/x86_64-linux-gnu/libnss_compat-2.19.so
7f7ad5ee9000-7f7ad60e8000 ---p 00009000 08:01 18657                      /lib/x86_64-linux-gnu/libnss_compat-2.19.so
7f7ad60e8000-7f7ad60e9000 r--p 00008000 08:01 18657                      /lib/x86_64-linux-gnu/libnss_compat-2.19.so
7f7ad60e9000-7f7ad60ea000 rw-p 00009000 08:01 18657                      /lib/x86_64-linux-gnu/libnss_compat-2.19.so
7f7ad60ea000-7f7ad6115000 r-xp 00000000 08:01 3281168                    /usr/lib/jvm/java-7-openjdk-amd64/jre/lib/amd64/libjava.so
7f7ad6115000-7f7ad6314000 ---p 0002b000 08:01 3281168                    /usr/lib/jvm/java-7-openjdk-amd64/jre/lib/amd64/libjava.so
7f7ad6314000-7f7ad6315000 r--p 0002a000 08:01 3281168                    /usr/lib/jvm/java-7-openjdk-amd64/jre/lib/amd64/libjava.so
7f7ad6315000-7f7ad6317000 rw-p 0002b000 08:01 3281168                    /usr/lib/jvm/java-7-openjdk-amd64/jre/lib/amd64/libjava.so
7f7ad6317000-7f7ad6327000 r-xp 00000000 08:01 3284368                    /usr/lib/jvm/java-7-openjdk-amd64/jre/lib/amd64/libverify.so
7f7ad6327000-7f7ad6526000 ---p 00010000 08:01 3284368                    /usr/lib/jvm/java-7-openjdk-amd64/jre/lib/amd64/libverify.so
7f7ad6526000-7f7ad6528000 r--p 0000f000 08:01 3284368                    /usr/lib/jvm/java-7-openjdk-amd64/jre/lib/amd64/libverify.so
7f7ad6528000-7f7ad6529000 rw-p 00011000 08:01 3284368                    /usr/lib/jvm/java-7-openjdk-amd64/jre/lib/amd64/libverify.so
7f7ad6529000-7f7ad6530000 r-xp 00000000 08:01 18679                      /lib/x86_64-linux-gnu/librt-2.19.so
7f7ad6530000-7f7ad672f000 ---p 00007000 08:01 18679                      /lib/x86_64-linux-gnu/librt-2.19.so
7f7ad672f000-7f7ad6730000 r--p 00006000 08:01 18679                      /lib/x86_64-linux-gnu/librt-2.19.so
7f7ad6730000-7f7ad6731000 rw-p 00007000 08:01 18679                      /lib/x86_64-linux-gnu/librt-2.19.so
7f7ad6731000-7f7ad6747000 r-xp 00000000 08:01 51498                      /lib/x86_64-linux-gnu/libgcc_s.so.1
7f7ad6747000-7f7ad6946000 ---p 00016000 08:01 51498                      /lib/x86_64-linux-gnu/libgcc_s.so.1
7f7ad6946000-7f7ad6947000 rw-p 00015000 08:01 51498                      /lib/x86_64-linux-gnu/libgcc_s.so.1
7f7ad6947000-7f7ad6a4c000 r-xp 00000000 08:01 18619                      /lib/x86_64-linux-gnu/libm-2.19.so
7f7ad6a4c000-7f7ad6c4b000 ---p 00105000 08:01 18619                      /lib/x86_64-linux-gnu/libm-2.19.so
7f7ad6c4b000-7f7ad6c4c000 r--p 00104000 08:01 18619                      /lib/x86_64-linux-gnu/libm-2.19.so
7f7ad6c4c000-7f7ad6c4d000 rw-p 00105000 08:01 18619                      /lib/x86_64-linux-gnu/libm-2.19.so
7f7ad6c4d000-7f7ad6d33000 r-xp 00000000 08:01 3285688                    /usr/lib/x86_64-linux-gnu/libstdc++.so.6.0.19
7f7ad6d33000-7f7ad6f32000 ---p 000e6000 08:01 3285688                    /usr/lib/x86_64-linux-gnu/libstdc++.so.6.0.19
7f7ad6f32000-7f7ad6f3a000 r--p 000e5000 08:01 3285688                    /usr/lib/x86_64-linux-gnu/libstdc++.so.6.0.19
7f7ad6f3a000-7f7ad6f3c000 rw-p 000ed000 08:01 3285688                    /usr/lib/x86_64-linux-gnu/libstdc++.so.6.0.19
7f7ad6f3c000-7f7ad6f51000 rw-p 00000000 00:00 0 
7f7ad6f51000-7f7ad7a67000 r-xp 00000000 08:01 3284501                    /usr/lib/jvm/java-7-openjdk-amd64/jre/lib/amd64/server/libjvm.so
7f7ad7a67000-7f7ad7c66000 ---p 00b16000 08:01 3284501                    /usr/lib/jvm/java-7-openjdk-amd64/jre/lib/amd64/server/libjvm.so
7f7ad7c66000-7f7ad7d00000 r--p 00b15000 08:01 3284501                    /usr/lib/jvm/java-7-openjdk-amd64/jre/lib/amd64/server/libjvm.so
7f7ad7d00000-7f7ad7d23000 rw-p 00baf000 08:01 3284501                    /usr/lib/jvm/java-7-openjdk-amd64/jre/lib/amd64/server/libjvm.so
7f7ad7d23000-7f7ad7d51000 rw-p 00000000 00:00 0 
7f7ad7d51000-7f7ad7d69000 r-xp 00000000 08:01 93740                      /lib/x86_64-linux-gnu/libz.so.1.2.8
7f7ad7d69000-7f7ad7f68000 ---p 00018000 08:01 93740                      /lib/x86_64-linux-gnu/libz.so.1.2.8
7f7ad7f68000-7f7ad7f69000 r--p 00017000 08:01 93740                      /lib/x86_64-linux-gnu/libz.so.1.2.8
7f7ad7f69000-7f7ad7f6a000 rw-p 00018000 08:01 93740                      /lib/x86_64-linux-gnu/libz.so.1.2.8
7f7ad7f6a000-7f7ad7f83000 r-xp 00000000 08:01 18639                      /lib/x86_64-linux-gnu/libpthread-2.19.so
7f7ad7f83000-7f7ad8182000 ---p 00019000 08:01 18639                      /lib/x86_64-linux-gnu/libpthread-2.19.so
7f7ad8182000-7f7ad8183000 r--p 00018000 08:01 18639                      /lib/x86_64-linux-gnu/libpthread-2.19.so
7f7ad8183000-7f7ad8184000 rw-p 00019000 08:01 18639                      /lib/x86_64-linux-gnu/libpthread-2.19.so
7f7ad8184000-7f7ad8188000 rw-p 00000000 00:00 0 
7f7ad8188000-7f7ad818b000 r-xp 00000000 08:01 18649                      /lib/x86_64-linux-gnu/libdl-2.19.so
7f7ad818b000-7f7ad838a000 ---p 00003000 08:01 18649                      /lib/x86_64-linux-gnu/libdl-2.19.so
7f7ad838a000-7f7ad838b000 r--p 00002000 08:01 18649                      /lib/x86_64-linux-gnu/libdl-2.19.so
7f7ad838b000-7f7ad838c000 rw-p 00003000 08:01 18649                      /lib/x86_64-linux-gnu/libdl-2.19.so
7f7ad838c000-7f7ad8547000 r-xp 00000000 08:01 18673                      /lib/x86_64-linux-gnu/libc-2.19.so
7f7ad8547000-7f7ad8747000 ---p 001bb000 08:01 18673                      /lib/x86_64-linux-gnu/libc-2.19.so
7f7ad8747000-7f7ad874b000 r--p 001bb000 08:01 18673                      /lib/x86_64-linux-gnu/libc-2.19.so
7f7ad874b000-7f7ad874d000 rw-p 001bf000 08:01 18673                      /lib/x86_64-linux-gnu/libc-2.19.so
7f7ad874d000-7f7ad8752000 rw-p 00000000 00:00 0 
7f7ad8752000-7f7ad875f000 r-xp 00000000 08:01 3281158                    /usr/lib/jvm/java-7-openjdk-amd64/jre/lib/amd64/jli/libjli.so
7f7ad875f000-7f7ad895e000 ---p 0000d000 08:01 3281158                    /usr/lib/jvm/java-7-openjdk-amd64/jre/lib/amd64/jli/libjli.so
7f7ad895e000-7f7ad895f000 r--p 0000c000 08:01 3281158                    /usr/lib/jvm/java-7-openjdk-amd64/jre/lib/amd64/jli/libjli.so
7f7ad895f000-7f7ad8960000 rw-p 0000d000 08:01 3281158                    /usr/lib/jvm/java-7-openjdk-amd64/jre/lib/amd64/jli/libjli.so
7f7ad8960000-7f7ad8983000 r-xp 00000000 08:01 18661                      /lib/x86_64-linux-gnu/ld-2.19.so
7f7ad8983000-7f7ad8984000 r--s 00002000 08:01 793700                     /home/eranda/.m2/repository/org/codehaus/plexus/plexus-i18n/1.0-beta-7/plexus-i18n-1.0-beta-7.jar
7f7ad8984000-7f7ad8986000 r--s 00012000 08:01 793095                     /home/eranda/.m2/repository/org/easymock/easymock/2.4/easymock-2.4.jar
7f7ad8986000-7f7ad898a000 r--s 00026000 08:01 793105                     /home/eranda/.m2/repository/org/apache/felix/org.apache.felix.bundlerepository/1.6.6/org.apache.felix.bundlerepository-1.6.6.jar
7f7ad898a000-7f7ad8991000 r--s 0004f000 08:01 794574                     /home/eranda/.m2/repository/org/osgi/org.osgi.core/4.3.1/org.osgi.core-4.3.1.jar
7f7ad8991000-7f7ad8994000 r--s 00028000 08:01 793721                     /home/eranda/.m2/repository/org/apache/felix/maven-bundle-plugin/2.5.3/maven-bundle-plugin-2.5.3.jar
7f7ad8994000-7f7ad8999000 r--s 0004c000 08:01 3284519                    /usr/lib/jvm/java-7-openjdk-amd64/jre/lib/jsse.jar
7f7ad8999000-7f7ad899b000 r--s 00008000 08:01 3680389                    /usr/share/java/classworlds-1.1.jar
7f7ad899b000-7f7ad899e000 r--s 0000f000 08:01 3284552                    /usr/lib/jvm/java-7-openjdk-amd64/jre/lib/ext/icedtea-sound.jar
7f7ad899e000-7f7ad89aa000 rw-p 00000000 00:00 0 
7f7ad89aa000-7f7ad8a5e000 rw-p 00000000 00:00 0 
7f7ad8a5e000-7f7ad8a61000 ---p 00000000 00:00 0 
7f7ad8a61000-7f7ad8b64000 rw-p 00000000 00:00 0                          [stack:18355]
7f7ad8b64000-7f7ad8b65000 r--p 00000000 00:00 0 
7f7ad8b65000-7f7ad8b67000 r--s 00006000 08:01 3676218                    /usr/share/java/java-atk-wrapper.jar
7f7ad8b67000-7f7ad8b6b000 r--s 00085000 08:01 3284555                    /usr/lib/jvm/java-7-openjdk-amd64/jre/lib/ext/localedata.jar
7f7ad8b6b000-7f7ad8b6c000 r--s 00002000 08:01 3284557                    /usr/lib/jvm/java-7-openjdk-amd64/jre/lib/ext/dnsns.jar
7f7ad8b6c000-7f7ad8b70000 r--s 0003c000 08:01 3284554                    /usr/lib/jvm/java-7-openjdk-amd64/jre/lib/ext/sunpkcs11.jar
7f7ad8b70000-7f7ad8b74000 r--s 00034000 08:01 3284556                    /usr/lib/jvm/java-7-openjdk-amd64/jre/lib/ext/sunjce_provider.jar
7f7ad8b74000-7f7ad8b76000 r--s 00012000 08:01 3284553                    /usr/lib/jvm/java-7-openjdk-amd64/jre/lib/ext/zipfs.jar
7f7ad8b76000-7f7ad8b7e000 rw-s 00000000 08:01 10942                      /tmp/hsperfdata_eranda/18353
7f7ad8b7e000-7f7ad8b7f000 rw-p 00000000 00:00 0 
7f7ad8b7f000-7f7ad8b80000 ---p 00000000 00:00 0 
7f7ad8b80000-7f7ad8b82000 rw-p 00000000 00:00 0 
7f7ad8b82000-7f7ad8b83000 r--p 00022000 08:01 18661                      /lib/x86_64-linux-gnu/ld-2.19.so
7f7ad8b83000-7f7ad8b84000 rw-p 00023000 08:01 18661                      /lib/x86_64-linux-gnu/ld-2.19.so
7f7ad8b84000-7f7ad8b85000 rw-p 00000000 00:00 0 
7fffadbee000-7fffadc0f000 rw-p 00000000 00:00 0                          [stack]
7fffadd73000-7fffadd75000 r-xp 00000000 00:00 0                          [vdso]
ffffffffff600000-ffffffffff601000 r-xp 00000000 00:00 0                  [vsyscall]

VM Arguments:
jvm_args: -Dclassworlds.conf=/usr/share/maven2/bin/m2.conf -Dmaven.home=/usr/share/maven2 
java_command: org.codehaus.classworlds.Launcher "clean" "install"
Launcher Type: SUN_STANDARD

Environment Variables:
JAVA_HOME=/usr/lib/jvm/java-7-openjdk-amd64
PATH=/usr/local/sbin:/usr/local/bin:/usr/sbin:/usr/bin:/sbin:/bin:/usr/games:/usr/local/games:/home/eranda/bin:/usr/lib/jvm/java-7-openjdk-amd64/bin:/home/eranda/Softwares/apache-tomcat-7.0.42/bin
SHELL=/bin/bash
DISPLAY=:0

Signal Handlers:
SIGSEGV: [libjvm.so+0x9495e0], sa_mask[0]=0x7ffbfeff, sa_flags=0x10000004
SIGBUS: [libjvm.so+0x9495e0], sa_mask[0]=0x7ffbfeff, sa_flags=0x10000004
SIGFPE: [libjvm.so+0x7c3410], sa_mask[0]=0x7ffbfeff, sa_flags=0x10000004
SIGPIPE: [libjvm.so+0x7c3410], sa_mask[0]=0x7ffbfeff, sa_flags=0x10000004
SIGXFSZ: [libjvm.so+0x7c3410], sa_mask[0]=0x7ffbfeff, sa_flags=0x10000004
SIGILL: [libjvm.so+0x7c3410], sa_mask[0]=0x7ffbfeff, sa_flags=0x10000004
SIGUSR1: SIG_DFL, sa_mask[0]=0x00000000, sa_flags=0x00000000
SIGUSR2: [libjvm.so+0x7c32b0], sa_mask[0]=0x00000000, sa_flags=0x10000004
SIGHUP: [libjvm.so+0x7c3490], sa_mask[0]=0x7ffbfeff, sa_flags=0x10000004
SIGINT: [libjvm.so+0x7c3490], sa_mask[0]=0x7ffbfeff, sa_flags=0x10000004
SIGTERM: [libjvm.so+0x7c3490], sa_mask[0]=0x7ffbfeff, sa_flags=0x10000004
SIGQUIT: [libjvm.so+0x7c3490], sa_mask[0]=0x7ffbfeff, sa_flags=0x10000004
SIGTRAP: SIG_DFL, sa_mask[0]=0x00000000, sa_flags=0x00000000


---------------  S Y S T E M  ---------------

OS:Ubuntu 14.04 (trusty)
uname:Linux 3.13.0-40-generic #69-Ubuntu SMP Thu Nov 13 17:53:56 UTC 2014 x86_64
libc:glibc 2.19 NPTL 2.19 
rlimit: STACK 8192k, CORE 0k, NPROC 61555, NOFILE 4096, AS infinity
load average:10.12 4.88 3.44

/proc/meminfo:
MemTotal:        7900716 kB
MemFree:          311308 kB
Buffers:          171388 kB
Cached:          2121300 kB
SwapCached:         1976 kB
Active:          5684924 kB
Inactive:        1528372 kB
Active(anon):    4450584 kB
Inactive(anon):   891256 kB
Active(file):    1234340 kB
Inactive(file):   637116 kB
Unevictable:         284 kB
Mlocked:             284 kB
SwapTotal:       8109052 kB
SwapFree:        8104536 kB
Dirty:            175048 kB
Writeback:           220 kB
AnonPages:       4918944 kB
Mapped:           330996 kB
Shmem:            421168 kB
Slab:             223172 kB
SReclaimable:     179972 kB
SUnreclaim:        43200 kB
KernelStack:        7624 kB
PageTables:        63036 kB
NFS_Unstable:          0 kB
Bounce:                0 kB
WritebackTmp:          0 kB
CommitLimit:    12059408 kB
Committed_AS:   11786844 kB
VmallocTotal:   34359738367 kB
VmallocUsed:      554244 kB
VmallocChunk:   34359172160 kB
HardwareCorrupted:     0 kB
AnonHugePages:   2531328 kB
HugePages_Total:       0
HugePages_Free:        0
HugePages_Rsvd:        0
HugePages_Surp:        0
Hugepagesize:       2048 kB
DirectMap4k:       90944 kB
DirectMap2M:     8019968 kB


CPU:total 4 (2 cores per cpu, 2 threads per core) family 6 model 37 stepping 2, cmov, cx8, fxsr, mmx, sse, sse2, sse3, ssse3, sse4.1, sse4.2, popcnt, aes, ht, tsc, tscinvbit

/proc/cpuinfo:
processor	: 0
vendor_id	: GenuineIntel
cpu family	: 6
model		: 37
model name	: Intel(R) Core(TM) i5 CPU       M 520  @ 2.40GHz
stepping	: 2
microcode	: 0xc
cpu MHz		: 2400.000
cache size	: 3072 KB
physical id	: 0
siblings	: 4
core id		: 0
cpu cores	: 2
apicid		: 0
initial apicid	: 0
fpu		: yes
fpu_exception	: yes
cpuid level	: 11
wp		: yes
flags		: fpu vme de pse tsc msr pae mce cx8 apic sep mtrr pge mca cmov pat pse36 clflush dts acpi mmx fxsr sse sse2 ss ht tm pbe syscall nx rdtscp lm constant_tsc arch_perfmon pebs bts rep_good nopl xtopology nonstop_tsc aperfmperf pni pclmulqdq dtes64 monitor ds_cpl vmx smx est tm2 ssse3 cx16 xtpr pdcm sse4_1 sse4_2 popcnt aes lahf_lm ida arat dtherm tpr_shadow vnmi flexpriority ept vpid
bogomips	: 4788.10
clflush size	: 64
cache_alignment	: 64
address sizes	: 36 bits physical, 48 bits virtual
power management:

processor	: 1
vendor_id	: GenuineIntel
cpu family	: 6
model		: 37
model name	: Intel(R) Core(TM) i5 CPU       M 520  @ 2.40GHz
stepping	: 2
microcode	: 0xc
cpu MHz		: 2400.000
cache size	: 3072 KB
physical id	: 0
siblings	: 4
core id		: 0
cpu cores	: 2
apicid		: 1
initial apicid	: 1
fpu		: yes
fpu_exception	: yes
cpuid level	: 11
wp		: yes
flags		: fpu vme de pse tsc msr pae mce cx8 apic sep mtrr pge mca cmov pat pse36 clflush dts acpi mmx fxsr sse sse2 ss ht tm pbe syscall nx rdtscp lm constant_tsc arch_perfmon pebs bts rep_good nopl xtopology nonstop_tsc aperfmperf pni pclmulqdq dtes64 monitor ds_cpl vmx smx est tm2 ssse3 cx16 xtpr pdcm sse4_1 sse4_2 popcnt aes lahf_lm ida arat dtherm tpr_shadow vnmi flexpriority ept vpid
bogomips	: 4788.10
clflush size	: 64
cache_alignment	: 64
address sizes	: 36 bits physical, 48 bits virtual
power management:

processor	: 2
vendor_id	: GenuineIntel
cpu family	: 6
model		: 37
model name	: Intel(R) Core(TM) i5 CPU       M 520  @ 2.40GHz
stepping	: 2
microcode	: 0xc
cpu MHz		: 2400.000
cache size	: 3072 KB
physical id	: 0
siblings	: 4
core id		: 2
cpu cores	: 2
apicid		: 4
initial apicid	: 4
fpu		: yes
fpu_exception	: yes
cpuid level	: 11
wp		: yes
flags		: fpu vme de pse tsc msr pae mce cx8 apic sep mtrr pge mca cmov pat pse36 clflush dts acpi mmx fxsr sse sse2 ss ht tm pbe syscall nx rdtscp lm constant_tsc arch_perfmon pebs bts rep_good nopl xtopology nonstop_tsc aperfmperf pni pclmulqdq dtes64 monitor ds_cpl vmx smx est tm2 ssse3 cx16 xtpr pdcm sse4_1 sse4_2 popcnt aes lahf_lm ida arat dtherm tpr_shadow vnmi flexpriority ept vpid
bogomips	: 4788.10
clflush size	: 64
cache_alignment	: 64
address sizes	: 36 bits physical, 48 bits virtual
power management:

processor	: 3
vendor_id	: GenuineIntel
cpu family	: 6
model		: 37
model name	: Intel(R) Core(TM) i5 CPU       M 520  @ 2.40GHz
stepping	: 2
microcode	: 0xc
cpu MHz		: 2400.000
cache size	: 3072 KB
physical id	: 0
siblings	: 4
core id		: 2
cpu cores	: 2
apicid		: 5
initial apicid	: 5
fpu		: yes
fpu_exception	: yes
cpuid level	: 11
wp		: yes
flags		: fpu vme de pse tsc msr pae mce cx8 apic sep mtrr pge mca cmov pat pse36 clflush dts acpi mmx fxsr sse sse2 ss ht tm pbe syscall nx rdtscp lm constant_tsc arch_perfmon pebs bts rep_good nopl xtopology nonstop_tsc aperfmperf pni pclmulqdq dtes64 monitor ds_cpl vmx smx est tm2 ssse3 cx16 xtpr pdcm sse4_1 sse4_2 popcnt aes lahf_lm ida arat dtherm tpr_shadow vnmi flexpriority ept vpid
bogomips	: 4788.10
clflush size	: 64
cache_alignment	: 64
address sizes	: 36 bits physical, 48 bits virtual
power management:



Memory: 4k page, physical 7900716k(311920k free), swap 8109052k(8104536k free)

vm_info: OpenJDK 64-Bit Server VM (24.65-b04) for linux-amd64 JRE (1.7.0_65-b32), built on Oct 22 2014 04:37:44 by "buildd" with gcc 4.8.2

time: Tue Jan 13 22:51:26 2015
elapsed time: 13 seconds

