#
# A fatal error has been detected by the Java Runtime Environment:
#
#  SIGSEGV (0xb) at pc=0x00007ffbb255bf0e, pid=18165, tid=140718848866048
#
# JRE version: OpenJDK Runtime Environment (7.0_65-b32) (build 1.7.0_65-b32)
# Java VM: OpenJDK 64-Bit Server VM (24.65-b04 mixed mode linux-amd64 compressed oops)
# Derivative: IcedTea 2.5.3
# Distribution: Ubuntu 14.04 LTS, package 7u71-2.5.3-0ubuntu0.14.04.1
# Problematic frame:
# V  [libjvm.so+0x5adf0e]  instanceKlass::oop_follow_contents(ParCompactionManager*, oopDesc*)+0x2ae
#
# Failed to write core dump. Core dumps have been disabled. To enable core dumping, try "ulimit -c unlimited" before starting Java again
#
# If you would like to submit a bug report, please include
# instructions on how to reproduce the bug and visit:
#   http://icedtea.classpath.org/bugzilla
#

---------------  T H R E A D  ---------------

Current thread (0x00007ffbac020000):  GCTaskThread [stack: 0x00007ffba8eff000,0x00007ffba9000000] [id=18168]

siginfo:si_signo=SIGSEGV: si_errno=0, si_code=128 (), si_addr=0x0000000000000000

Registers:
RAX=0x0000000000000032, RBX=0x00000005891be590, RCX=0x0000000000000032, RDX=0x0004000000000000
RSP=0x00007ffba8ffebe0, RBP=0x00007ffba8ffec40, RSI=0x00007ffb8fe80000, RDI=0x007fffffff060df2
R8 =0x00000000b1237cb2, R9 =0x0000000000000010, R10=0x00007ffbb2d92d40, R11=0x00000000000039fe
R12=0x00007ffbac0725c0, R13=0x000000077d7401c0, R14=0x00000007891f5338, R15=0x00000007891f5370
RIP=0x00007ffbb255bf0e, EFLAGS=0x0000000000010206, CSGSFS=0x0000000000000033, ERR=0x0000000000000000
  TRAPNO=0x000000000000000d

Top of Stack: (sp=0x00007ffba8ffebe0)
0x00007ffba8ffebe0:   00007ffbac072600 00007ffbac072600
0x00007ffba8ffebf0:   00000007891f5320 000000077d7401c8
0x00007ffba8ffec00:   00007ffbb2d92d40 000000000000000a
0x00007ffba8ffec10:   00007ffbac0725c0 00007ffbb2d8eda8
0x00007ffba8ffec20:   00007ffbac0724d0 00007ffbac0725c0
0x00007ffba8ffec30:   00007ffba8ffed6c 00007ffba8ffed70
0x00007ffba8ffec40:   00007ffba8ffecf0 00007ffbb27cbfc5
0x00007ffba8ffec50:   00007ffbac072650 00007ffbac072680
0x00007ffba8ffec60:   00007ffbac072600 00007ffbac0725c0
0x00007ffba8ffec70:   00000007891bdc28 00007ffbac0725d0
0x00007ffba8ffec80:   00007ffba8ffecf0 00007ffbb255bf57
0x00007ffba8ffec90:   0000000788111b78 00007ffbac072600
0x00007ffba8ffeca0:   00000007891bdb70 000000077d1282d8
0x00007ffba8ffecb0:   00007ffbb2d92d40 0000000000000017
0x00007ffba8ffecc0:   00007ffba8ffed10 00007ffbac0725c0
0x00007ffba8ffecd0:   00007ffbac0724d0 0000000000000000
0x00007ffba8ffece0:   00007ffba8ffed6c 00007ffba8ffed70
0x00007ffba8ffecf0:   00007ffba8ffedc0 00007ffbb27b2f2e
0x00007ffba8ffed00:   00007ffbac020000 00007ffbac0725c0
0x00007ffba8ffed10:   00007ffb7c3c09a0 00007ffbb29576f8
0x00007ffba8ffed20:   00007ffbac072600 00007ffbb2d8936a
0x00007ffba8ffed30:   00007ffba8ffedc0 00007ffbb27b2b18
0x00007ffba8ffed40:   00007ffba8ffed80 00007ffba8ffed70
0x00007ffba8ffed50:   00007ffb7c3c0a60 00007ffbac0725c0
0x00007ffba8ffed60:   0000000000000000 40fe1782ac01f610
0x00007ffba8ffed70:   00000007891bdb70 00007ffbb273df9b
0x00007ffba8ffed80:   0000000000000000 00007ffb00000000
0x00007ffba8ffed90:   00007ffba8ffedc0 0000000000000001
0x00007ffba8ffeda0:   00007ffb7c3c0a60 00007ffbb295770d
0x00007ffba8ffedb0:   00007ffbac020000 00007ffbb2d8936a
0x00007ffba8ffedc0:   00007ffba8ffeed0 00007ffbb24f3322
0x00007ffba8ffedd0:   00000000000003d8 00007ffbac020718 

Instructions: (pc=0x00007ffbb255bf0e)
0x00007ffbb255beee:   00 00 00 48 89 d8 49 2b 02 48 c1 e8 03 48 d3 e8
0x00007ffbb255befe:   48 89 c7 83 e0 3f 48 c1 ef 06 48 89 c1 48 d3 e2
0x00007ffbb255bf0e:   48 85 14 fe 75 9c 48 89 df 4c 89 55 c0 e8 c0 a0
0x00007ffbb255bf1e:   e5 ff 4c 8b 55 c0 48 63 c8 48 89 de 48 89 ca 48 

Register to memory mapping:

RAX=0x0000000000000032 is an unknown value
RBX=0x00000005891be590 is an unknown value
RCX=0x0000000000000032 is an unknown value
RDX=0x0004000000000000 is an unknown value
RSP=0x00007ffba8ffebe0 is an unknown value
RBP=0x00007ffba8ffec40 is an unknown value
RSI=0x00007ffb8fe80000 is an unknown value
RDI=0x007fffffff060df2 is an unknown value
R8 =0x00000000b1237cb2 is an unknown value
R9 =0x0000000000000010 is an unknown value
R10=0x00007ffbb2d92d40: <offset 0xde4d40> in /usr/lib/jvm/java-7-openjdk-amd64/jre/lib/amd64/server/libjvm.so at 0x00007ffbb1fae000
R11=0x00000000000039fe is an unknown value
R12=0x00007ffbac0725c0 is an unknown value
R13=0x000000077d7401c0 is pointing into object: 0x000000077d73fc48
{instance class} 
 - klass: {other class}
R14=0x00000007891f5338 is pointing into object: 0x00000007891f5320
org.apache.maven.artifact.DefaultArtifact 
 - klass: 'org/apache/maven/artifact/DefaultArtifact'
R15=0x00000007891f5370 is an oop
org.apache.maven.artifact.resolver.filter.ExcludesArtifactFilter 
 - klass: 'org/apache/maven/artifact/resolver/filter/ExcludesArtifactFilter'


Stack: [0x00007ffba8eff000,0x00007ffba9000000],  sp=0x00007ffba8ffebe0,  free space=1022k
Native frames: (J=compiled Java code, j=interpreted, Vv=VM code, C=native code)
V  [libjvm.so+0x5adf0e]  instanceKlass::oop_follow_contents(ParCompactionManager*, oopDesc*)+0x2ae
V  [libjvm.so+0x81dfc5]  ParCompactionManager::follow_marking_stacks()+0x155
V  [libjvm.so+0x804f2e]  StealMarkingTask::do_it(GCTaskManager*, unsigned int)+0x2be
V  [libjvm.so+0x545322]  GCTaskThread::run()+0x162
V  [libjvm.so+0x7c4ac2]  java_start(Thread*)+0xf2


---------------  P R O C E S S  ---------------

Java Threads: ( => current thread )
  0x00007ffbac2cd000 JavaThread "pool-1-thread-5" [_thread_blocked, id=18186, stack(0x00007ffba0925000,0x00007ffba0a26000)]
  0x00007ffbac2cb800 JavaThread "pool-1-thread-4" [_thread_blocked, id=18185, stack(0x00007ffba0a26000,0x00007ffba0b27000)]
  0x00007ffbac2ca000 JavaThread "pool-1-thread-3" [_thread_blocked, id=18184, stack(0x00007ffba0b27000,0x00007ffba0c28000)]
  0x00007ffbac2c9000 JavaThread "pool-1-thread-2" [_thread_blocked, id=18183, stack(0x00007ffba0c28000,0x00007ffba0d29000)]
  0x00007ffbac2c2000 JavaThread "pool-1-thread-1" [_thread_blocked, id=18182, stack(0x00007ffba0d29000,0x00007ffba0e2a000)]
  0x00007ffbac206000 JavaThread "process reaper" daemon [_thread_blocked, id=18181, stack(0x00007ffba0e2a000,0x00007ffba0e63000)]
  0x00007ffbac0b1000 JavaThread "Service Thread" daemon [_thread_blocked, id=18178, stack(0x00007ffba270b000,0x00007ffba280c000)]
  0x00007ffbac0ae800 JavaThread "C2 CompilerThread1" daemon [_thread_blocked, id=18177, stack(0x00007ffba280c000,0x00007ffba290d000)]
  0x00007ffbac0ab800 JavaThread "C2 CompilerThread0" daemon [_thread_blocked, id=18176, stack(0x00007ffba290d000,0x00007ffba2a0e000)]
  0x00007ffbac0a9800 JavaThread "Signal Dispatcher" daemon [_thread_blocked, id=18175, stack(0x00007ffba2a0e000,0x00007ffba2b0f000)]
  0x00007ffbac07b800 JavaThread "Finalizer" daemon [_thread_blocked, id=18174, stack(0x00007ffba31f2000,0x00007ffba32f3000)]
  0x00007ffbac079800 JavaThread "Reference Handler" daemon [_thread_blocked, id=18173, stack(0x00007ffba32f3000,0x00007ffba33f4000)]
  0x00007ffbac00a000 JavaThread "main" [_thread_blocked, id=18167, stack(0x00007ffbb3abb000,0x00007ffbb3bbc000)]

Other Threads:
  0x00007ffbac075800 VMThread [stack: 0x00007ffba33f4000,0x00007ffba34f5000] [id=18172]
  0x00007ffbac0bb800 WatcherThread [stack: 0x00007ffba260a000,0x00007ffba270b000] [id=18179]

=>0x00007ffbac020000 (exited) GCTaskThread [stack: 0x00007ffba8eff000,0x00007ffba9000000] [id=18168]

VM state:at safepoint (normal execution)

VM Mutex/Monitor currently owned by a thread:  ([mutex/lock_event])
[0x00007ffbac0064c0] Threads_lock - owner thread: 0x00007ffbac075800
[0x00007ffbac0069c0] Heap_lock - owner thread: 0x00007ffbac00a000

Heap
 PSYoungGen      total 620544K, used 8164K [0x00000007d7c80000, 0x0000000800000000, 0x0000000800000000)
  eden space 581120K, 0% used [0x00000007d7c80000,0x00000007d7c80000,0x00000007fb400000)
  from space 39424K, 20% used [0x00000007fd980000,0x00000007fe179260,0x0000000800000000)
  to   space 38400K, 0% used [0x00000007fb400000,0x00000007fb400000,0x00000007fd980000)
 ParOldGen       total 81920K, used 68646K [0x0000000787600000, 0x000000078c600000, 0x00000007d7c80000)
  object space 81920K, 83% used [0x0000000787600000,0x000000078b909800,0x000000078c600000)
 PSPermGen       total 21504K, used 20210K [0x000000077d000000, 0x000000077e500000, 0x0000000787600000)
  object space 21504K, 93% used [0x000000077d000000,0x000000077e3bca90,0x000000077e500000)

Card table byte_map: [0x00007ffbb02e9000,0x00007ffbb0702000] byte_map_base: 0x00007ffbac701000

Polling page: 0x00007ffbb3bdc000

Code Cache  [0x00007ffba9000000, 0x00007ffba9310000, 0x00007ffbac000000)
 total_blobs=1289 nmethods=969 adapters=273 free_code_cache=46131Kb largest_free_block=47157568

Compilation events (10 events):
Event: 10.734 Thread 0x00007ffbac0ab800 nmethod 1017 0x00007ffba9303610 code [0x00007ffba93038e0, 0x00007ffba9304a48]
Event: 10.734 Thread 0x00007ffbac0ab800 1018             org.apache.maven.artifact.factory.DefaultArtifactFactory::createArtifact (30 bytes)
Event: 10.737 Thread 0x00007ffbac0ab800 nmethod 1018 0x00007ffba92de910 code [0x00007ffba92dea80, 0x00007ffba92decb8]
Event: 10.737 Thread 0x00007ffbac0ab800 1019             org.apache.maven.artifact.factory.DefaultArtifactFactory::createArtifact (14 bytes)
Event: 10.739 Thread 0x00007ffbac0ab800 nmethod 1019 0x00007ffba92de310 code [0x00007ffba92de480, 0x00007ffba92de698]
Event: 10.739 Thread 0x00007ffbac0ab800 1020             org.apache.maven.artifact.factory.DefaultArtifactFactory::createProjectArtifact (12 bytes)
Event: 10.741 Thread 0x00007ffbac0ab800 nmethod 1020 0x00007ffba90cb490 code [0x00007ffba90cb600, 0x00007ffba90cb838]
Event: 10.741 Thread 0x00007ffbac0ab800 1021             org.apache.maven.model.DistributionManagement::getRelocation (5 bytes)
Event: 10.742 Thread 0x00007ffbac0ab800 nmethod 1021 0x00007ffba908c0d0 code [0x00007ffba908c200, 0x00007ffba908c278]
Event: 10.742 Thread 0x00007ffbac0ab800 1022             java.lang.String::toUpperCase (439 bytes)

GC Heap History (10 events):
Event: 2.986 GC heap after
Heap after GC invocations=6 (full 0):
 PSYoungGen      total 257536K, used 9204K [0x00000007d7c80000, 0x00000007e8580000, 0x0000000800000000)
  eden space 248320K, 0% used [0x00000007d7c80000,0x00000007d7c80000,0x00000007e6f00000)
  from space 9216K, 99% used [0x00000007e7980000,0x00000007e827d310,0x00000007e8280000)
  to   space 10752K, 0% used [0x00000007e6f00000,0x00000007e6f00000,0x00000007e7980000)
 ParOldGen       total 81920K, used 9299K [0x0000000787600000, 0x000000078c600000, 0x00000007d7c80000)
  object space 81920K, 11% used [0x0000000787600000,0x0000000787f14fa0,0x000000078c600000)
 PSPermGen       total 21504K, used 8181K [0x000000077d000000, 0x000000077e500000, 0x0000000787600000)
  object space 21504K, 38% used [0x000000077d000000,0x000000077d7fd4c0,0x000000077e500000)
}
Event: 5.165 GC heap before
{Heap before GC invocations=7 (full 0):
 PSYoungGen      total 257536K, used 257524K [0x00000007d7c80000, 0x00000007e8580000, 0x0000000800000000)
  eden space 248320K, 100% used [0x00000007d7c80000,0x00000007e6f00000,0x00000007e6f00000)
  from space 9216K, 99% used [0x00000007e7980000,0x00000007e827d310,0x00000007e8280000)
  to   space 10752K, 0% used [0x00000007e6f00000,0x00000007e6f00000,0x00000007e7980000)
 ParOldGen       total 81920K, used 9299K [0x0000000787600000, 0x000000078c600000, 0x00000007d7c80000)
  object space 81920K, 11% used [0x0000000787600000,0x0000000787f14fa0,0x000000078c600000)
 PSPermGen       total 21504K, used 8581K [0x000000077d000000, 0x000000077e500000, 0x0000000787600000)
  object space 21504K, 39% used [0x000000077d000000,0x000000077d8614f0,0x000000077e500000)
Event: 5.227 GC heap after
Heap after GC invocations=7 (full 0):
 PSYoungGen      total 259072K, used 10752K [0x00000007d7c80000, 0x00000007f9180000, 0x0000000800000000)
  eden space 248320K, 0% used [0x00000007d7c80000,0x00000007d7c80000,0x00000007e6f00000)
  from space 10752K, 100% used [0x00000007e6f00000,0x00000007e7980000,0x00000007e7980000)
  to   space 24576K, 0% used [0x00000007f7980000,0x00000007f7980000,0x00000007f9180000)
 ParOldGen       total 81920K, used 33927K [0x0000000787600000, 0x000000078c600000, 0x00000007d7c80000)
  object space 81920K, 41% used [0x0000000787600000,0x0000000789721e68,0x000000078c600000)
 PSPermGen       total 21504K, used 8581K [0x000000077d000000, 0x000000077e500000, 0x0000000787600000)
  object space 21504K, 39% used [0x000000077d000000,0x000000077d8614f0,0x000000077e500000)
}
Event: 7.397 GC heap before
{Heap before GC invocations=8 (full 0):
 PSYoungGen      total 259072K, used 259072K [0x00000007d7c80000, 0x00000007f9180000, 0x0000000800000000)
  eden space 248320K, 100% used [0x00000007d7c80000,0x00000007e6f00000,0x00000007e6f00000)
  from space 10752K, 100% used [0x00000007e6f00000,0x00000007e7980000,0x00000007e7980000)
  to   space 24576K, 0% used [0x00000007f7980000,0x00000007f7980000,0x00000007f9180000)
 ParOldGen       total 81920K, used 33927K [0x0000000787600000, 0x000000078c600000, 0x00000007d7c80000)
  object space 81920K, 41% used [0x0000000787600000,0x0000000789721e68,0x000000078c600000)
 PSPermGen       total 21504K, used 12735K [0x000000077d000000, 0x000000077e500000, 0x0000000787600000)
  object space 21504K, 59% used [0x000000077d000000,0x000000077dc6fef8,0x000000077e500000)
Event: 7.459 GC heap after
Heap after GC invocations=8 (full 0):
 PSYoungGen      total 512000K, used 24565K [0x00000007d7c80000, 0x00000007fa380000, 0x0000000800000000)
  eden space 487424K, 0% used [0x00000007d7c80000,0x00000007d7c80000,0x00000007f5880000)
  from space 24576K, 99% used [0x00000007f7980000,0x00000007f917d6c8,0x00000007f9180000)
  to   space 33792K, 0% used [0x00000007f5880000,0x00000007f5880000,0x00000007f7980000)
 ParOldGen       total 81920K, used 44826K [0x0000000787600000, 0x000000078c600000, 0x00000007d7c80000)
  object space 81920K, 54% used [0x0000000787600000,0x000000078a1c6870,0x000000078c600000)
 PSPermGen       total 21504K, used 12735K [0x000000077d000000, 0x000000077e500000, 0x0000000787600000)
  object space 21504K, 59% used [0x000000077d000000,0x000000077dc6fef8,0x000000077e500000)
}
Event: 10.447 GC heap before
{Heap before GC invocations=9 (full 0):
 PSYoungGen      total 512000K, used 511989K [0x00000007d7c80000, 0x00000007fa380000, 0x0000000800000000)
  eden space 487424K, 100% used [0x00000007d7c80000,0x00000007f5880000,0x00000007f5880000)
  from space 24576K, 99% used [0x00000007f7980000,0x00000007f917d6c8,0x00000007f9180000)
  to   space 33792K, 0% used [0x00000007f5880000,0x00000007f5880000,0x00000007f7980000)
 ParOldGen       total 81920K, used 44826K [0x0000000787600000, 0x000000078c600000, 0x00000007d7c80000)
  object space 81920K, 54% used [0x0000000787600000,0x000000078a1c6870,0x000000078c600000)
 PSPermGen       total 21504K, used 19643K [0x000000077d000000, 0x000000077e500000, 0x0000000787600000)
  object space 21504K, 91% used [0x000000077d000000,0x000000077e32eca8,0x000000077e500000)
Event: 10.519 GC heap after
Heap after GC invocations=9 (full 0):
 PSYoungGen      total 521216K, used 33313K [0x00000007d7c80000, 0x0000000800000000, 0x0000000800000000)
  eden space 487424K, 0% used [0x00000007d7c80000,0x00000007d7c80000,0x00000007f5880000)
  from space 33792K, 98% used [0x00000007f5880000,0x00000007f7908760,0x00000007f7980000)
  to   space 39424K, 0% used [0x00000007fd980000,0x00000007fd980000,0x0000000800000000)
 ParOldGen       total 81920K, used 47770K [0x0000000787600000, 0x000000078c600000, 0x00000007d7c80000)
  object space 81920K, 58% used [0x0000000787600000,0x000000078a4a6870,0x000000078c600000)
 PSPermGen       total 21504K, used 19643K [0x000000077d000000, 0x000000077e500000, 0x0000000787600000)
  object space 21504K, 91% used [0x000000077d000000,0x000000077e32eca8,0x000000077e500000)
}
Event: 10.765 GC heap before
{Heap before GC invocations=10 (full 0):
 PSYoungGen      total 521216K, used 62530K [0x00000007d7c80000, 0x0000000800000000, 0x0000000800000000)
  eden space 487424K, 5% used [0x00000007d7c80000,0x00000007d9908178,0x00000007f5880000)
  from space 33792K, 98% used [0x00000007f5880000,0x00000007f7908760,0x00000007f7980000)
  to   space 39424K, 0% used [0x00000007fd980000,0x00000007fd980000,0x0000000800000000)
 ParOldGen       total 81920K, used 47770K [0x0000000787600000, 0x000000078c600000, 0x00000007d7c80000)
  object space 81920K, 58% used [0x0000000787600000,0x000000078a4a6870,0x000000078c600000)
 PSPermGen       total 21504K, used 20210K [0x000000077d000000, 0x000000077e500000, 0x0000000787600000)
  object space 21504K, 93% used [0x000000077d000000,0x000000077e3bca90,0x000000077e500000)
Event: 10.826 GC heap after
Heap after GC invocations=10 (full 0):
 PSYoungGen      total 620544K, used 8164K [0x00000007d7c80000, 0x0000000800000000, 0x0000000800000000)
  eden space 581120K, 0% used [0x00000007d7c80000,0x00000007d7c80000,0x00000007fb400000)
  from space 39424K, 20% used [0x00000007fd980000,0x00000007fe179260,0x0000000800000000)
  to   space 38400K, 0% used [0x00000007fb400000,0x00000007fb400000,0x00000007fd980000)
 ParOldGen       total 81920K, used 68646K [0x0000000787600000, 0x000000078c600000, 0x00000007d7c80000)
  object space 81920K, 83% used [0x0000000787600000,0x000000078b909800,0x000000078c600000)
 PSPermGen       total 21504K, used 20210K [0x000000077d000000, 0x000000077e500000, 0x0000000787600000)
  object space 21504K, 93% used [0x000000077d000000,0x000000077e3bca90,0x000000077e500000)
}
Event: 10.826 GC heap before
{Heap before GC invocations=11 (full 1):
 PSYoungGen      total 620544K, used 8164K [0x00000007d7c80000, 0x0000000800000000, 0x0000000800000000)
  eden space 581120K, 0% used [0x00000007d7c80000,0x00000007d7c80000,0x00000007fb400000)
  from space 39424K, 20% used [0x00000007fd980000,0x00000007fe179260,0x0000000800000000)
  to   space 38400K, 0% used [0x00000007fb400000,0x00000007fb400000,0x00000007fd980000)
 ParOldGen       total 81920K, used 68646K [0x0000000787600000, 0x000000078c600000, 0x00000007d7c80000)
  object space 81920K, 83% used [0x0000000787600000,0x000000078b909800,0x000000078c600000)
 PSPermGen       total 21504K, used 20210K [0x000000077d000000, 0x000000077e500000, 0x0000000787600000)
  object space 21504K, 93% used [0x000000077d000000,0x000000077e3bca90,0x000000077e500000)

Deoptimization events (10 events):
Event: 9.530 Thread 0x00007ffbac00a000 Uncommon trap: reason=null_check action=maybe_recompile pc=0x00007ffba910ccf4 method=org.codehaus.plexus.configuration.xml.XmlPlexusConfiguration.getChild(Ljava/lang/String;Z)Lorg/codehaus/plexus/configuration/PlexusConfiguration; @ 5
Event: 9.704 Thread 0x00007ffbac00a000 Uncommon trap: reason=unreached action=reinterpret pc=0x00007ffba917aa10 method=java.util.TreeMap.getEntry(Ljava/lang/Object;)Ljava/util/TreeMap$Entry; @ 4
Event: 10.325 Thread 0x00007ffbac00a000 Uncommon trap: reason=unreached action=reinterpret pc=0x00007ffba91001dc method=java.lang.Class.getName()Ljava/lang/String; @ 6
Event: 10.327 Thread 0x00007ffbac00a000 Uncommon trap: reason=unreached action=reinterpret pc=0x00007ffba92903b8 method=java.util.HashMap.put(Ljava/lang/Object;Ljava/lang/Object;)Ljava/lang/Object; @ 19
Event: 10.426 Thread 0x00007ffbac750800 Uncommon trap: reason=unloaded action=reinterpret pc=0x00007ffba910f100 method=java.lang.CharacterData.of(I)Ljava/lang/CharacterData; @ 96
Event: 10.682 Thread 0x00007ffbac00a000 Uncommon trap: reason=unreached action=reinterpret pc=0x00007ffba91ce638 method=sun.util.calendar.ZoneInfo.getOffsets(J[II)I @ 4
Event: 10.737 Thread 0x00007ffbac00a000 Uncommon trap: reason=bimorphic action=maybe_recompile pc=0x00007ffba90bdb88 method=java.util.regex.Pattern$CharProperty.match(Ljava/util/regex/Matcher;ILjava/lang/CharSequence;)Z @ 37
Event: 10.737 Thread 0x00007ffbac00a000 Uncommon trap: reason=bimorphic action=maybe_recompile pc=0x00007ffba90bdb88 method=java.util.regex.Pattern$CharProperty.match(Ljava/util/regex/Matcher;ILjava/lang/CharSequence;)Z @ 37
Event: 10.737 Thread 0x00007ffbac00a000 Uncommon trap: reason=bimorphic action=maybe_recompile pc=0x00007ffba90bdb88 method=java.util.regex.Pattern$CharProperty.match(Ljava/util/regex/Matcher;ILjava/lang/CharSequence;)Z @ 37
Event: 10.742 Thread 0x00007ffbac00a000 Uncommon trap: reason=class_check action=maybe_recompile pc=0x00007ffba92d1d84 method=java.util.zip.InflaterInputStream.read([BII)I @ 100

Internal exceptions (10 events):
Event: 10.695 Thread 0x00007ffbac00a000 Threw 0x00000007d9473718 at /build/buildd/openjdk-7-7u71-2.5.3/build/openjdk/hotspot/src/share/vm/prims/jvm.cpp:1284
Event: 10.695 Thread 0x00007ffbac00a000 Threw 0x00000007d9473ef8 at /build/buildd/openjdk-7-7u71-2.5.3/build/openjdk/hotspot/src/share/vm/prims/jvm.cpp:1284
Event: 10.695 Thread 0x00007ffbac00a000 Threw 0x00000007d9478e40 at /build/buildd/openjdk-7-7u71-2.5.3/build/openjdk/hotspot/src/share/vm/prims/jvm.cpp:1284
Event: 10.695 Thread 0x00007ffbac00a000 Threw 0x00000007d947a0d0 at /build/buildd/openjdk-7-7u71-2.5.3/build/openjdk/hotspot/src/share/vm/prims/jvm.cpp:1284
Event: 10.695 Thread 0x00007ffbac00a000 Threw 0x00000007d947a820 at /build/buildd/openjdk-7-7u71-2.5.3/build/openjdk/hotspot/src/share/vm/prims/jvm.cpp:1284
Event: 10.697 Thread 0x00007ffbac00a000 Threw 0x00000007d9485998 at /build/buildd/openjdk-7-7u71-2.5.3/build/openjdk/hotspot/src/share/vm/prims/jvm.cpp:1284
Event: 10.697 Thread 0x00007ffbac00a000 Threw 0x00000007d94865e8 at /build/buildd/openjdk-7-7u71-2.5.3/build/openjdk/hotspot/src/share/vm/prims/jvm.cpp:1284
Event: 10.697 Thread 0x00007ffbac00a000 Threw 0x00000007d9486a28 at /build/buildd/openjdk-7-7u71-2.5.3/build/openjdk/hotspot/src/share/vm/prims/jvm.cpp:1284
Event: 10.764 Thread 0x00007ffbac00a000 Threw 0x00000007d96aa888 at /build/buildd/openjdk-7-7u71-2.5.3/build/openjdk/hotspot/src/share/vm/prims/jvm.cpp:1284
Event: 10.764 Thread 0x00007ffbac00a000 Threw 0x00000007d96aad38 at /build/buildd/openjdk-7-7u71-2.5.3/build/openjdk/hotspot/src/share/vm/prims/jvm.cpp:1284

Events (10 events):
Event: 10.752 loading class 0x00007ffbac7627d0 done
Event: 10.759 loading class 0x00007ffbac4ab820
Event: 10.759 loading class 0x00007ffbac4ab820 done
Event: 10.762 loading class 0x00007ffbac4b3fd0
Event: 10.762 loading class 0x00007ffbac4b3fd0 done
Event: 10.764 loading class 0x00007ffbac2347b0
Event: 10.764 loading class 0x00007ffbac2347b0 done
Event: 10.764 loading class 0x00007ffbac2347b0
Event: 10.764 loading class 0x00007ffbac2347b0 done
Event: 10.765 Executing VM operation: ParallelGCSystemGC


Dynamic libraries:
00400000-00401000 r-xp 00000000 08:01 3284586                            /usr/lib/jvm/java-7-openjdk-amd64/jre/bin/java
00600000-00601000 r--p 00000000 08:01 3284586                            /usr/lib/jvm/java-7-openjdk-amd64/jre/bin/java
00601000-00602000 rw-p 00001000 08:01 3284586                            /usr/lib/jvm/java-7-openjdk-amd64/jre/bin/java
018d7000-018f8000 rw-p 00000000 00:00 0                                  [heap]
77d000000-77e500000 rw-p 00000000 00:00 0 
77e500000-787600000 rw-p 00000000 00:00 0 
787600000-78c600000 rw-p 00000000 00:00 0 
78c600000-7d7c80000 rw-p 00000000 00:00 0 
7d7c80000-800000000 rw-p 00000000 00:00 0 
7ffb48000000-7ffb48021000 rw-p 00000000 00:00 0 
7ffb48021000-7ffb4c000000 ---p 00000000 00:00 0 
7ffb4c000000-7ffb4c021000 rw-p 00000000 00:00 0 
7ffb4c021000-7ffb50000000 ---p 00000000 00:00 0 
7ffb50000000-7ffb50021000 rw-p 00000000 00:00 0 
7ffb50021000-7ffb54000000 ---p 00000000 00:00 0 
7ffb54000000-7ffb54021000 rw-p 00000000 00:00 0 
7ffb54021000-7ffb58000000 ---p 00000000 00:00 0 
7ffb58000000-7ffb58021000 rw-p 00000000 00:00 0 
7ffb58021000-7ffb5c000000 ---p 00000000 00:00 0 
7ffb5c000000-7ffb5c021000 rw-p 00000000 00:00 0 
7ffb5c021000-7ffb60000000 ---p 00000000 00:00 0 
7ffb60000000-7ffb60021000 rw-p 00000000 00:00 0 
7ffb60021000-7ffb64000000 ---p 00000000 00:00 0 
7ffb64000000-7ffb64021000 rw-p 00000000 00:00 0 
7ffb64021000-7ffb68000000 ---p 00000000 00:00 0 
7ffb68000000-7ffb68021000 rw-p 00000000 00:00 0 
7ffb68021000-7ffb6c000000 ---p 00000000 00:00 0 
7ffb6c000000-7ffb6c021000 rw-p 00000000 00:00 0 
7ffb6c021000-7ffb70000000 ---p 00000000 00:00 0 
7ffb70000000-7ffb713da000 rw-p 00000000 00:00 0 
7ffb713da000-7ffb74000000 ---p 00000000 00:00 0 
7ffb74000000-7ffb74021000 rw-p 00000000 00:00 0 
7ffb74021000-7ffb78000000 ---p 00000000 00:00 0 
7ffb78000000-7ffb78021000 rw-p 00000000 00:00 0 
7ffb78021000-7ffb7c000000 ---p 00000000 00:00 0 
7ffb7c000000-7ffb7d2cc000 rw-p 00000000 00:00 0 
7ffb7d2cc000-7ffb80000000 ---p 00000000 00:00 0 
7ffb80000000-7ffb80021000 rw-p 00000000 00:00 0 
7ffb80021000-7ffb84000000 ---p 00000000 00:00 0 
7ffb84000000-7ffb84021000 rw-p 00000000 00:00 0 
7ffb84021000-7ffb88000000 ---p 00000000 00:00 0 
7ffb88000000-7ffb88021000 rw-p 00000000 00:00 0 
7ffb88021000-7ffb8c000000 ---p 00000000 00:00 0 
7ffb8fe63000-7ffb8fe6c000 r--s 000b9000 08:01 3277030                    /usr/lib/jvm/java-7-openjdk-amd64/jre/lib/resources.jar
7ffb8fe80000-7ffb94000000 rw-p 00000000 00:00 0 
7ffb94000000-7ffb94021000 rw-p 00000000 00:00 0 
7ffb94021000-7ffb98000000 ---p 00000000 00:00 0 
7ffb98000000-7ffb98021000 rw-p 00000000 00:00 0 
7ffb98021000-7ffb9c000000 ---p 00000000 00:00 0 
7ffb9c000000-7ffb9c021000 rw-p 00000000 00:00 0 
7ffb9c021000-7ffba0000000 ---p 00000000 00:00 0 
7ffba052d000-7ffba052e000 rw-p 00000000 00:00 0 
7ffba052e000-7ffba052f000 r--s 00002000 08:01 793759                     /home/eranda/.m2/repository/org/codehaus/plexus/plexus-digest/1.0/plexus-digest-1.0.jar
7ffba052f000-7ffba0533000 r--s 00035000 08:01 793756                     /home/eranda/.m2/repository/org/codehaus/plexus/plexus-utils/3.0.5/plexus-utils-3.0.5.jar
7ffba0533000-7ffba0534000 r--s 00005000 08:01 795630                     /home/eranda/.m2/repository/org/apache/maven/shared/maven-repository-builder/1.0-alpha-2/maven-repository-builder-1.0-alpha-2.jar
7ffba0534000-7ffba0535000 r--s 00004000 08:01 795585                     /home/eranda/.m2/repository/org/apache/maven/maven-archiver/2.4/maven-archiver-2.4.jar
7ffba0535000-7ffba0537000 r--s 00004000 08:01 795645                     /home/eranda/.m2/repository/org/codehaus/plexus/plexus-active-collections/1.0-beta-2/plexus-active-collections-1.0-beta-2.jar
7ffba0537000-7ffba0539000 r--s 00008000 08:01 795609                     /home/eranda/.m2/repository/org/apache/maven/shared/maven-shared-io/1.1/maven-shared-io-1.1.jar
7ffba0539000-7ffba053b000 r--s 00006000 08:01 795594                     /home/eranda/.m2/repository/org/apache/maven/shared/file-management/1.1/file-management-1.1.jar
7ffba053b000-7ffba053d000 r--s 0000a000 08:01 795627                     /home/eranda/.m2/repository/org/codehaus/plexus/plexus-io/1.0-alpha-4/plexus-io-1.0-alpha-4.jar
7ffba053d000-7ffba053f000 r--s 0000b000 08:01 795612                     /home/eranda/.m2/repository/org/codehaus/plexus/plexus-interpolation/1.7/plexus-interpolation-1.7.jar
7ffba053f000-7ffba0543000 r--s 00028000 08:01 795582                     /home/eranda/.m2/repository/org/codehaus/plexus/plexus-archiver/1.0-alpha-12/plexus-archiver-1.0-alpha-12.jar
7ffba0543000-7ffba0544000 r--s 00007000 08:01 795287                     /home/eranda/.m2/repository/org/apache/maven/shared/maven-plugin-testing-harness/1.1/maven-plugin-testing-harness-1.1.jar
7ffba0544000-7ffba0549000 r--s 00040000 08:01 795279                     /home/eranda/.m2/repository/org/codehaus/plexus/plexus-utils/1.5.12/plexus-utils-1.5.12.jar
7ffba0549000-7ffba054b000 r--s 00006000 08:01 3151208                    /home/eranda/.m2/repository/org/apache/maven/shared/maven-common-artifact-filters/1.1/maven-common-artifact-filters-1.1.jar
7ffba054b000-7ffba054e000 ---p 00000000 00:00 0 
7ffba054e000-7ffba064c000 rw-p 00000000 00:00 0 
7ffba064c000-7ffba064f000 ---p 00000000 00:00 0 
7ffba064f000-7ffba074d000 rw-p 00000000 00:00 0 
7ffba074d000-7ffba0750000 ---p 00000000 00:00 0 
7ffba0750000-7ffba084e000 rw-p 00000000 00:00 0 
7ffba084e000-7ffba0850000 r--s 00006000 08:01 3150253                    /home/eranda/.m2/repository/org/apache/maven/shared/maven-common-artifact-filters/1.3/maven-common-artifact-filters-1.3.jar
7ffba0850000-7ffba0853000 r--s 00034000 08:01 793097                     /home/eranda/.m2/repository/org/codehaus/plexus/plexus-utils/2.1/plexus-utils-2.1.jar
7ffba0853000-7ffba0855000 r--s 0000d000 08:01 3150261                    /home/eranda/.m2/repository/org/apache/maven/surefire/maven-surefire-common/2.10/maven-surefire-common-2.10.jar
7ffba0855000-7ffba085a000 r--s 00023000 08:01 3150258                    /home/eranda/.m2/repository/org/apache/maven/surefire/surefire-api/2.10/surefire-api-2.10.jar
7ffba085a000-7ffba085c000 r--s 00007000 08:01 3150252                    /home/eranda/.m2/repository/org/apache/maven/surefire/surefire-booter/2.10/surefire-booter-2.10.jar
7ffba085c000-7ffba08c6000 r--s 0069e000 08:01 3289424                    /usr/lib/jvm/java-7-openjdk-amd64/lib/tools.jar
7ffba08c6000-7ffba08c7000 r--s 00002000 08:01 3151139                    /home/eranda/.m2/repository/org/codehaus/plexus/plexus-compiler-javac/1.5.1/plexus-compiler-javac-1.5.1.jar
7ffba08c7000-7ffba08c8000 r--s 00001000 08:01 3150925                    /home/eranda/.m2/repository/org/codehaus/plexus/plexus-compiler-manager/1.5.1/plexus-compiler-manager-1.5.1.jar
7ffba08c8000-7ffba08cc000 r--s 00034000 08:01 791475                     /home/eranda/.m2/repository/org/codehaus/plexus/plexus-utils/1.5.15/plexus-utils-1.5.15.jar
7ffba08cc000-7ffba08ce000 r--s 00004000 08:01 3150917                    /home/eranda/.m2/repository/org/codehaus/plexus/plexus-compiler-api/1.5.1/plexus-compiler-api-1.5.1.jar
7ffba08ce000-7ffba08d0000 r--s 0000b000 08:01 2365326                    /home/eranda/.m2/repository/org/codehaus/plexus/plexus-interpolation/1.6/plexus-interpolation-1.6.jar
7ffba08d0000-7ffba08d2000 r--s 00007000 08:01 3150147                    /home/eranda/.m2/repository/org/apache/maven/shared/maven-filtering/1.0-beta-2/maven-filtering-1.0-beta-2.jar
7ffba08d2000-7ffba08d7000 r--s 00039000 08:01 3150148                    /home/eranda/.m2/repository/org/codehaus/plexus/plexus-utils/1.5.6/plexus-utils-1.5.6.jar
7ffba08d7000-7ffba08d8000 r--s 00006000 08:01 793349                     /home/eranda/.m2/repository/org/apache/maven/plugins/maven-install-plugin/2.4/maven-install-plugin-2.4.jar
7ffba08d8000-7ffba08da000 r--s 00006000 08:01 793812                     /home/eranda/.m2/repository/org/apache/maven/plugins/maven-surefire-plugin/2.10/maven-surefire-plugin-2.10.jar
7ffba08da000-7ffba08dc000 r--s 00004000 08:01 793794                     /home/eranda/.m2/repository/org/apache/maven/plugins/maven-resources-plugin/2.3/maven-resources-plugin-2.3.jar
7ffba08dc000-7ffba08e0000 r--s 00034000 08:01 790195                     /home/eranda/.m2/repository/org/codehaus/plexus/plexus-utils/3.0/plexus-utils-3.0.jar
7ffba08e0000-7ffba08e4000 r--s 0002f000 08:01 794967                     /home/eranda/.m2/repository/org/apache/maven/plugins/maven-assembly-plugin/2.2-beta-4/maven-assembly-plugin-2.2-beta-4.jar
7ffba08e4000-7ffba08e5000 r--s 00003000 08:01 793374                     /home/eranda/.m2/repository/org/apache/maven/plugins/maven-compiler-plugin/2.0/maven-compiler-plugin-2.0.jar
7ffba08e5000-7ffba08e7000 r--s 00005000 08:01 793282                     /home/eranda/.m2/repository/org/apache/maven/plugins/maven-clean-plugin/2.5/maven-clean-plugin-2.5.jar
7ffba08e7000-7ffba08e9000 r--s 00004000 08:01 794831                     /home/eranda/.m2/repository/org/apache/maven/doxia/doxia-module-xhtml/1.0/doxia-module-xhtml-1.0.jar
7ffba08e9000-7ffba08ea000 r--s 00006000 08:01 794828                     /home/eranda/.m2/repository/org/apache/maven/doxia/doxia-module-xdoc/1.0/doxia-module-xdoc-1.0.jar
7ffba08ea000-7ffba08eb000 r--s 00004000 08:01 794825                     /home/eranda/.m2/repository/org/apache/maven/doxia/doxia-module-fml/1.0/doxia-module-fml-1.0.jar
7ffba08eb000-7ffba08ed000 r--s 0000a000 08:01 794822                     /home/eranda/.m2/repository/org/apache/maven/doxia/doxia-module-apt/1.0/doxia-module-apt-1.0.jar
7ffba08ed000-7ffba08ee000 r--s 0000b000 08:01 794819                     /home/eranda/.m2/repository/org/apache/maven/doxia/doxia-decoration-model/1.0/doxia-decoration-model-1.0.jar
7ffba08ee000-7ffba08f0000 r--s 0000e000 08:01 793663                     /home/eranda/.m2/repository/oro/oro/2.0.8/oro-2.0.8.jar
7ffba08f0000-7ffba08f4000 r--s 0002f000 08:01 793678                     /home/eranda/.m2/repository/commons-lang/commons-lang/2.1/commons-lang-2.1.jar
7ffba08f4000-7ffba0901000 r--s 0007f000 08:01 793692                     /home/eranda/.m2/repository/commons-collections/commons-collections/3.2/commons-collections-3.2.jar
7ffba0901000-7ffba0909000 r--s 00058000 08:01 793676                     /home/eranda/.m2/repository/org/apache/velocity/velocity/1.5/velocity-1.5.jar
7ffba0909000-7ffba090c000 r--s 0000b000 08:01 794813                     /home/eranda/.m2/repository/org/apache/maven/doxia/doxia-core/1.0/doxia-core-1.0.jar
7ffba090c000-7ffba090e000 r--s 0000a000 08:01 794809                     /home/eranda/.m2/repository/org/apache/maven/doxia/doxia-site-renderer/1.0/doxia-site-renderer-1.0.jar
7ffba090e000-7ffba0912000 r--s 0001d000 08:01 794783                     /home/eranda/.m2/repository/org/eclipse/aether/aether-util/0.9.0.M2/aether-util-0.9.0.M2.jar
7ffba0912000-7ffba0914000 r--s 00000000 08:01 794617                     /home/eranda/.m2/repository/org/codehaus/plexus/plexus-component-annotations/1.5.5/plexus-component-annotations-1.5.5.jar
7ffba0914000-7ffba0917000 r--s 0000c000 08:01 794609                     /home/eranda/.m2/repository/org/apache/maven/shared/maven-dependency-tree/2.1/maven-dependency-tree-2.1.jar
7ffba0917000-7ffba0919000 r--s 0000d000 08:01 3292014                    /home/eranda/.m2/repository/org/codehaus/plexus/plexus-interpolation/1.15/plexus-interpolation-1.15.jar
7ffba0919000-7ffba091c000 r--s 0000c000 08:01 794599                     /home/eranda/.m2/repository/org/codehaus/plexus/plexus-io/2.0.2/plexus-io-2.0.2.jar
7ffba091c000-7ffba0921000 r--s 00029000 08:01 3292002                    /home/eranda/.m2/repository/org/codehaus/plexus/plexus-archiver/2.1/plexus-archiver-2.1.jar
7ffba0921000-7ffba0925000 r--s 00035000 08:01 794792                     /home/eranda/.m2/repository/org/codehaus/plexus/plexus-utils/3.0.10/plexus-utils-3.0.10.jar
7ffba0925000-7ffba0928000 ---p 00000000 00:00 0 
7ffba0928000-7ffba0a26000 rw-p 00000000 00:00 0                          [stack:18186]
7ffba0a26000-7ffba0a29000 ---p 00000000 00:00 0 
7ffba0a29000-7ffba0b27000 rw-p 00000000 00:00 0                          [stack:18185]
7ffba0b27000-7ffba0b2a000 ---p 00000000 00:00 0 
7ffba0b2a000-7ffba0c28000 rw-p 00000000 00:00 0                          [stack:18184]
7ffba0c28000-7ffba0c2b000 ---p 00000000 00:00 0 
7ffba0c2b000-7ffba0d29000 rw-p 00000000 00:00 0                          [stack:18183]
7ffba0d29000-7ffba0d2c000 ---p 00000000 00:00 0 
7ffba0d2c000-7ffba0e2a000 rw-p 00000000 00:00 0                          [stack:18182]
7ffba0e2a000-7ffba0e2d000 ---p 00000000 00:00 0 
7ffba0e2d000-7ffba0e63000 rw-p 00000000 00:00 0                          [stack:18181]
7ffba0e63000-7ffba0ea0000 r-xp 00000000 08:01 93680                      /lib/x86_64-linux-gnu/libpcre.so.3.13.1
7ffba0ea0000-7ffba109f000 ---p 0003d000 08:01 93680                      /lib/x86_64-linux-gnu/libpcre.so.3.13.1
7ffba109f000-7ffba10a0000 r--p 0003c000 08:01 93680                      /lib/x86_64-linux-gnu/libpcre.so.3.13.1
7ffba10a0000-7ffba10a1000 rw-p 0003d000 08:01 93680                      /lib/x86_64-linux-gnu/libpcre.so.3.13.1
7ffba10a1000-7ffba10a8000 r-xp 00000000 08:01 3285060                    /usr/lib/x86_64-linux-gnu/libffi.so.6.0.1
7ffba10a8000-7ffba12a7000 ---p 00007000 08:01 3285060                    /usr/lib/x86_64-linux-gnu/libffi.so.6.0.1
7ffba12a7000-7ffba12a8000 r--p 00006000 08:01 3285060                    /usr/lib/x86_64-linux-gnu/libffi.so.6.0.1
7ffba12a8000-7ffba12a9000 rw-p 00007000 08:01 3285060                    /usr/lib/x86_64-linux-gnu/libffi.so.6.0.1
7ffba12a9000-7ffba12c0000 r-xp 00000000 08:01 17806                      /lib/x86_64-linux-gnu/libresolv-2.19.so
7ffba12c0000-7ffba14c0000 ---p 00017000 08:01 17806                      /lib/x86_64-linux-gnu/libresolv-2.19.so
7ffba14c0000-7ffba14c1000 r--p 00017000 08:01 17806                      /lib/x86_64-linux-gnu/libresolv-2.19.so
7ffba14c1000-7ffba14c2000 rw-p 00018000 08:01 17806                      /lib/x86_64-linux-gnu/libresolv-2.19.so
7ffba14c2000-7ffba14c4000 rw-p 00000000 00:00 0 
7ffba14c4000-7ffba14e4000 r-xp 00000000 08:01 47744                      /lib/x86_64-linux-gnu/libselinux.so.1
7ffba14e4000-7ffba16e3000 ---p 00020000 08:01 47744                      /lib/x86_64-linux-gnu/libselinux.so.1
7ffba16e3000-7ffba16e4000 r--p 0001f000 08:01 47744                      /lib/x86_64-linux-gnu/libselinux.so.1
7ffba16e4000-7ffba16e5000 rw-p 00020000 08:01 47744                      /lib/x86_64-linux-gnu/libselinux.so.1
7ffba16e5000-7ffba16e7000 rw-p 00000000 00:00 0 
7ffba16e7000-7ffba16ea000 r-xp 00000000 08:01 3289867                    /usr/lib/x86_64-linux-gnu/libgmodule-2.0.so.0.4002.0
7ffba16ea000-7ffba18e9000 ---p 00003000 08:01 3289867                    /usr/lib/x86_64-linux-gnu/libgmodule-2.0.so.0.4002.0
7ffba18e9000-7ffba18ea000 r--p 00002000 08:01 3289867                    /usr/lib/x86_64-linux-gnu/libgmodule-2.0.so.0.4002.0
7ffba18ea000-7ffba18eb000 rw-p 00003000 08:01 3289867                    /usr/lib/x86_64-linux-gnu/libgmodule-2.0.so.0.4002.0
7ffba18eb000-7ffba19f1000 r-xp 00000000 08:01 11452                      /lib/x86_64-linux-gnu/libglib-2.0.so.0.4002.0
7ffba19f1000-7ffba1bf0000 ---p 00106000 08:01 11452                      /lib/x86_64-linux-gnu/libglib-2.0.so.0.4002.0
7ffba1bf0000-7ffba1bf1000 r--p 00105000 08:01 11452                      /lib/x86_64-linux-gnu/libglib-2.0.so.0.4002.0
7ffba1bf1000-7ffba1bf2000 rw-p 00106000 08:01 11452                      /lib/x86_64-linux-gnu/libglib-2.0.so.0.4002.0
7ffba1bf2000-7ffba1bf3000 rw-p 00000000 00:00 0 
7ffba1bf3000-7ffba1c42000 r-xp 00000000 08:01 3289869                    /usr/lib/x86_64-linux-gnu/libgobject-2.0.so.0.4002.0
7ffba1c42000-7ffba1e42000 ---p 0004f000 08:01 3289869                    /usr/lib/x86_64-linux-gnu/libgobject-2.0.so.0.4002.0
7ffba1e42000-7ffba1e43000 r--p 0004f000 08:01 3289869                    /usr/lib/x86_64-linux-gnu/libgobject-2.0.so.0.4002.0
7ffba1e43000-7ffba1e44000 rw-p 00050000 08:01 3289869                    /usr/lib/x86_64-linux-gnu/libgobject-2.0.so.0.4002.0
7ffba1e44000-7ffba1fb0000 r-xp 00000000 08:01 3289871                    /usr/lib/x86_64-linux-gnu/libgio-2.0.so.0.4002.0
7ffba1fb0000-7ffba21af000 ---p 0016c000 08:01 3289871                    /usr/lib/x86_64-linux-gnu/libgio-2.0.so.0.4002.0
7ffba21af000-7ffba21b3000 r--p 0016b000 08:01 3289871                    /usr/lib/x86_64-linux-gnu/libgio-2.0.so.0.4002.0
7ffba21b3000-7ffba21b5000 rw-p 0016f000 08:01 3289871                    /usr/lib/x86_64-linux-gnu/libgio-2.0.so.0.4002.0
7ffba21b5000-7ffba21b7000 rw-p 00000000 00:00 0 
7ffba21b7000-7ffba21ce000 r-xp 00000000 08:01 3281169                    /usr/lib/jvm/java-7-openjdk-amd64/jre/lib/amd64/libnet.so
7ffba21ce000-7ffba23cd000 ---p 00017000 08:01 3281169                    /usr/lib/jvm/java-7-openjdk-amd64/jre/lib/amd64/libnet.so
7ffba23cd000-7ffba23ce000 r--p 00016000 08:01 3281169                    /usr/lib/jvm/java-7-openjdk-amd64/jre/lib/amd64/libnet.so
7ffba23ce000-7ffba23cf000 rw-p 00017000 08:01 3281169                    /usr/lib/jvm/java-7-openjdk-amd64/jre/lib/amd64/libnet.so
7ffba23cf000-7ffba23df000 r-xp 00000000 08:01 3284369                    /usr/lib/jvm/java-7-openjdk-amd64/jre/lib/amd64/libnio.so
7ffba23df000-7ffba25df000 ---p 00010000 08:01 3284369                    /usr/lib/jvm/java-7-openjdk-amd64/jre/lib/amd64/libnio.so
7ffba25df000-7ffba25e0000 r--p 00010000 08:01 3284369                    /usr/lib/jvm/java-7-openjdk-amd64/jre/lib/amd64/libnio.so
7ffba25e0000-7ffba25e1000 rw-p 00011000 08:01 3284369                    /usr/lib/jvm/java-7-openjdk-amd64/jre/lib/amd64/libnio.so
7ffba25e1000-7ffba260a000 r--s 001f4000 08:01 3290606                    /usr/share/maven2/lib/maven-debian-uber.jar
7ffba260a000-7ffba260b000 ---p 00000000 00:00 0 
7ffba260b000-7ffba270b000 rw-p 00000000 00:00 0                          [stack:18179]
7ffba270b000-7ffba270e000 ---p 00000000 00:00 0 
7ffba270e000-7ffba280c000 rw-p 00000000 00:00 0                          [stack:18178]
7ffba280c000-7ffba280f000 ---p 00000000 00:00 0 
7ffba280f000-7ffba290d000 rw-p 00000000 00:00 0                          [stack:18177]
7ffba290d000-7ffba2910000 ---p 00000000 00:00 0 
7ffba2910000-7ffba2a0e000 rw-p 00000000 00:00 0                          [stack:18176]
7ffba2a0e000-7ffba2a11000 ---p 00000000 00:00 0 
7ffba2a11000-7ffba2b0f000 rw-p 00000000 00:00 0                          [stack:18175]
7ffba2b0f000-7ffba31f2000 r--p 00000000 08:01 3283780                    /usr/lib/locale/locale-archive
7ffba31f2000-7ffba31f5000 ---p 00000000 00:00 0 
7ffba31f5000-7ffba32f3000 rw-p 00000000 00:00 0                          [stack:18174]
7ffba32f3000-7ffba32f6000 ---p 00000000 00:00 0 
7ffba32f6000-7ffba33f4000 rw-p 00000000 00:00 0                          [stack:18173]
7ffba33f4000-7ffba33f5000 ---p 00000000 00:00 0 
7ffba33f5000-7ffba4000000 rw-p 00000000 00:00 0                          [stack:18172]
7ffba4000000-7ffba424d000 rw-p 00000000 00:00 0 
7ffba424d000-7ffba8000000 ---p 00000000 00:00 0 
7ffba8000000-7ffba8001000 r--s 00001000 08:01 794816                     /home/eranda/.m2/repository/org/codehaus/plexus/plexus-velocity/1.1.7/plexus-velocity-1.1.7.jar
7ffba8001000-7ffba801f000 r--s 00196000 08:01 794564                     /home/eranda/.m2/repository/biz/aQute/bnd/bndlib/2.3.0/bndlib-2.3.0.jar
7ffba801f000-7ffba8511000 rw-p 00000000 00:00 0 
7ffba8511000-7ffba86c2000 r--s 01d25000 08:01 3284558                    /usr/lib/jvm/java-7-openjdk-amd64/jre/lib/rt.jar
7ffba86c2000-7ffba8bfc000 rw-p 00000000 00:00 0 
7ffba8bfc000-7ffba8bfd000 ---p 00000000 00:00 0 
7ffba8bfd000-7ffba8cfd000 rw-p 00000000 00:00 0                          [stack:18171]
7ffba8cfd000-7ffba8cfe000 ---p 00000000 00:00 0 
7ffba8cfe000-7ffba8dfe000 rw-p 00000000 00:00 0                          [stack:18170]
7ffba8dfe000-7ffba8dff000 ---p 00000000 00:00 0 
7ffba8dff000-7ffba8eff000 rw-p 00000000 00:00 0                          [stack:18169]
7ffba8eff000-7ffba8f00000 ---p 00000000 00:00 0 
7ffba8f00000-7ffba9000000 rw-p 00000000 00:00 0                          [stack:18168]
7ffba9000000-7ffba9310000 rwxp 00000000 00:00 0 
7ffba9310000-7ffbad029000 rw-p 00000000 00:00 0 
7ffbad029000-7ffbb0000000 ---p 00000000 00:00 0 
7ffbb0000000-7ffbb0002000 r--s 00004000 08:01 3292188                    /home/eranda/.m2/repository/org/apache/maven/maven-archiver/2.5/maven-archiver-2.5.jar
7ffbb0002000-7ffbb0010000 r--s 00088000 08:01 794591                     /home/eranda/.m2/repository/org/osgi/org.osgi.compendium/4.2.0/org.osgi.compendium-4.2.0.jar
7ffbb0010000-7ffbb0012000 r--s 0000f000 08:01 794581                     /home/eranda/.m2/repository/org/apache/felix/org.apache.felix.utils/1.6.0/org.apache.felix.utils-1.6.0.jar
7ffbb0012000-7ffbb001d000 rw-p 00000000 00:00 0 
7ffbb001d000-7ffbb0065000 rw-p 00000000 00:00 0 
7ffbb0065000-7ffbb008d000 rw-p 00000000 00:00 0 
7ffbb008d000-7ffbb02e9000 rw-p 00000000 00:00 0 
7ffbb02e9000-7ffbb02f4000 rw-p 00000000 00:00 0 
7ffbb02f4000-7ffbb033c000 rw-p 00000000 00:00 0 
7ffbb033c000-7ffbb0364000 rw-p 00000000 00:00 0 
7ffbb0364000-7ffbb05bf000 rw-p 00000000 00:00 0 
7ffbb05bf000-7ffbb0701000 rw-p 00000000 00:00 0 
7ffbb0701000-7ffbb0702000 rw-p 00000000 00:00 0 
7ffbb0702000-7ffbb070a000 r-xp 00000000 08:01 3280973                    /usr/lib/jvm/java-7-openjdk-amd64/jre/lib/amd64/libzip.so
7ffbb070a000-7ffbb0909000 ---p 00008000 08:01 3280973                    /usr/lib/jvm/java-7-openjdk-amd64/jre/lib/amd64/libzip.so
7ffbb0909000-7ffbb090a000 r--p 00007000 08:01 3280973                    /usr/lib/jvm/java-7-openjdk-amd64/jre/lib/amd64/libzip.so
7ffbb090a000-7ffbb090b000 rw-p 00008000 08:01 3280973                    /usr/lib/jvm/java-7-openjdk-amd64/jre/lib/amd64/libzip.so
7ffbb090b000-7ffbb0916000 r-xp 00000000 08:01 18645                      /lib/x86_64-linux-gnu/libnss_files-2.19.so
7ffbb0916000-7ffbb0b15000 ---p 0000b000 08:01 18645                      /lib/x86_64-linux-gnu/libnss_files-2.19.so
7ffbb0b15000-7ffbb0b16000 r--p 0000a000 08:01 18645                      /lib/x86_64-linux-gnu/libnss_files-2.19.so
7ffbb0b16000-7ffbb0b17000 rw-p 0000b000 08:01 18645                      /lib/x86_64-linux-gnu/libnss_files-2.19.so
7ffbb0b17000-7ffbb0b22000 r-xp 00000000 08:01 18669                      /lib/x86_64-linux-gnu/libnss_nis-2.19.so
7ffbb0b22000-7ffbb0d21000 ---p 0000b000 08:01 18669                      /lib/x86_64-linux-gnu/libnss_nis-2.19.so
7ffbb0d21000-7ffbb0d22000 r--p 0000a000 08:01 18669                      /lib/x86_64-linux-gnu/libnss_nis-2.19.so
7ffbb0d22000-7ffbb0d23000 rw-p 0000b000 08:01 18669                      /lib/x86_64-linux-gnu/libnss_nis-2.19.so
7ffbb0d23000-7ffbb0d3a000 r-xp 00000000 08:01 18629                      /lib/x86_64-linux-gnu/libnsl-2.19.so
7ffbb0d3a000-7ffbb0f39000 ---p 00017000 08:01 18629                      /lib/x86_64-linux-gnu/libnsl-2.19.so
7ffbb0f39000-7ffbb0f3a000 r--p 00016000 08:01 18629                      /lib/x86_64-linux-gnu/libnsl-2.19.so
7ffbb0f3a000-7ffbb0f3b000 rw-p 00017000 08:01 18629                      /lib/x86_64-linux-gnu/libnsl-2.19.so
7ffbb0f3b000-7ffbb0f3d000 rw-p 00000000 00:00 0 
7ffbb0f3d000-7ffbb0f46000 r-xp 00000000 08:01 18657                      /lib/x86_64-linux-gnu/libnss_compat-2.19.so
7ffbb0f46000-7ffbb1145000 ---p 00009000 08:01 18657                      /lib/x86_64-linux-gnu/libnss_compat-2.19.so
7ffbb1145000-7ffbb1146000 r--p 00008000 08:01 18657                      /lib/x86_64-linux-gnu/libnss_compat-2.19.so
7ffbb1146000-7ffbb1147000 rw-p 00009000 08:01 18657                      /lib/x86_64-linux-gnu/libnss_compat-2.19.so
7ffbb1147000-7ffbb1172000 r-xp 00000000 08:01 3281168                    /usr/lib/jvm/java-7-openjdk-amd64/jre/lib/amd64/libjava.so
7ffbb1172000-7ffbb1371000 ---p 0002b000 08:01 3281168                    /usr/lib/jvm/java-7-openjdk-amd64/jre/lib/amd64/libjava.so
7ffbb1371000-7ffbb1372000 r--p 0002a000 08:01 3281168                    /usr/lib/jvm/java-7-openjdk-amd64/jre/lib/amd64/libjava.so
7ffbb1372000-7ffbb1374000 rw-p 0002b000 08:01 3281168                    /usr/lib/jvm/java-7-openjdk-amd64/jre/lib/amd64/libjava.so
7ffbb1374000-7ffbb1384000 r-xp 00000000 08:01 3284368                    /usr/lib/jvm/java-7-openjdk-amd64/jre/lib/amd64/libverify.so
7ffbb1384000-7ffbb1583000 ---p 00010000 08:01 3284368                    /usr/lib/jvm/java-7-openjdk-amd64/jre/lib/amd64/libverify.so
7ffbb1583000-7ffbb1585000 r--p 0000f000 08:01 3284368                    /usr/lib/jvm/java-7-openjdk-amd64/jre/lib/amd64/libverify.so
7ffbb1585000-7ffbb1586000 rw-p 00011000 08:01 3284368                    /usr/lib/jvm/java-7-openjdk-amd64/jre/lib/amd64/libverify.so
7ffbb1586000-7ffbb158d000 r-xp 00000000 08:01 18679                      /lib/x86_64-linux-gnu/librt-2.19.so
7ffbb158d000-7ffbb178c000 ---p 00007000 08:01 18679                      /lib/x86_64-linux-gnu/librt-2.19.so
7ffbb178c000-7ffbb178d000 r--p 00006000 08:01 18679                      /lib/x86_64-linux-gnu/librt-2.19.so
7ffbb178d000-7ffbb178e000 rw-p 00007000 08:01 18679                      /lib/x86_64-linux-gnu/librt-2.19.so
7ffbb178e000-7ffbb17a4000 r-xp 00000000 08:01 51498                      /lib/x86_64-linux-gnu/libgcc_s.so.1
7ffbb17a4000-7ffbb19a3000 ---p 00016000 08:01 51498                      /lib/x86_64-linux-gnu/libgcc_s.so.1
7ffbb19a3000-7ffbb19a4000 rw-p 00015000 08:01 51498                      /lib/x86_64-linux-gnu/libgcc_s.so.1
7ffbb19a4000-7ffbb1aa9000 r-xp 00000000 08:01 18619                      /lib/x86_64-linux-gnu/libm-2.19.so
7ffbb1aa9000-7ffbb1ca8000 ---p 00105000 08:01 18619                      /lib/x86_64-linux-gnu/libm-2.19.so
7ffbb1ca8000-7ffbb1ca9000 r--p 00104000 08:01 18619                      /lib/x86_64-linux-gnu/libm-2.19.so
7ffbb1ca9000-7ffbb1caa000 rw-p 00105000 08:01 18619                      /lib/x86_64-linux-gnu/libm-2.19.so
7ffbb1caa000-7ffbb1d90000 r-xp 00000000 08:01 3285688                    /usr/lib/x86_64-linux-gnu/libstdc++.so.6.0.19
7ffbb1d90000-7ffbb1f8f000 ---p 000e6000 08:01 3285688                    /usr/lib/x86_64-linux-gnu/libstdc++.so.6.0.19
7ffbb1f8f000-7ffbb1f97000 r--p 000e5000 08:01 3285688                    /usr/lib/x86_64-linux-gnu/libstdc++.so.6.0.19
7ffbb1f97000-7ffbb1f99000 rw-p 000ed000 08:01 3285688                    /usr/lib/x86_64-linux-gnu/libstdc++.so.6.0.19
7ffbb1f99000-7ffbb1fae000 rw-p 00000000 00:00 0 
7ffbb1fae000-7ffbb2ac4000 r-xp 00000000 08:01 3284501                    /usr/lib/jvm/java-7-openjdk-amd64/jre/lib/amd64/server/libjvm.so
7ffbb2ac4000-7ffbb2cc3000 ---p 00b16000 08:01 3284501                    /usr/lib/jvm/java-7-openjdk-amd64/jre/lib/amd64/server/libjvm.so
7ffbb2cc3000-7ffbb2d5d000 r--p 00b15000 08:01 3284501                    /usr/lib/jvm/java-7-openjdk-amd64/jre/lib/amd64/server/libjvm.so
7ffbb2d5d000-7ffbb2d80000 rw-p 00baf000 08:01 3284501                    /usr/lib/jvm/java-7-openjdk-amd64/jre/lib/amd64/server/libjvm.so
7ffbb2d80000-7ffbb2dae000 rw-p 00000000 00:00 0 
7ffbb2dae000-7ffbb2dc6000 r-xp 00000000 08:01 93740                      /lib/x86_64-linux-gnu/libz.so.1.2.8
7ffbb2dc6000-7ffbb2fc5000 ---p 00018000 08:01 93740                      /lib/x86_64-linux-gnu/libz.so.1.2.8
7ffbb2fc5000-7ffbb2fc6000 r--p 00017000 08:01 93740                      /lib/x86_64-linux-gnu/libz.so.1.2.8
7ffbb2fc6000-7ffbb2fc7000 rw-p 00018000 08:01 93740                      /lib/x86_64-linux-gnu/libz.so.1.2.8
7ffbb2fc7000-7ffbb2fe0000 r-xp 00000000 08:01 18639                      /lib/x86_64-linux-gnu/libpthread-2.19.so
7ffbb2fe0000-7ffbb31df000 ---p 00019000 08:01 18639                      /lib/x86_64-linux-gnu/libpthread-2.19.so
7ffbb31df000-7ffbb31e0000 r--p 00018000 08:01 18639                      /lib/x86_64-linux-gnu/libpthread-2.19.so
7ffbb31e0000-7ffbb31e1000 rw-p 00019000 08:01 18639                      /lib/x86_64-linux-gnu/libpthread-2.19.so
7ffbb31e1000-7ffbb31e5000 rw-p 00000000 00:00 0 
7ffbb31e5000-7ffbb31e8000 r-xp 00000000 08:01 18649                      /lib/x86_64-linux-gnu/libdl-2.19.so
7ffbb31e8000-7ffbb33e7000 ---p 00003000 08:01 18649                      /lib/x86_64-linux-gnu/libdl-2.19.so
7ffbb33e7000-7ffbb33e8000 r--p 00002000 08:01 18649                      /lib/x86_64-linux-gnu/libdl-2.19.so
7ffbb33e8000-7ffbb33e9000 rw-p 00003000 08:01 18649                      /lib/x86_64-linux-gnu/libdl-2.19.so
7ffbb33e9000-7ffbb35a4000 r-xp 00000000 08:01 18673                      /lib/x86_64-linux-gnu/libc-2.19.so
7ffbb35a4000-7ffbb37a4000 ---p 001bb000 08:01 18673                      /lib/x86_64-linux-gnu/libc-2.19.so
7ffbb37a4000-7ffbb37a8000 r--p 001bb000 08:01 18673                      /lib/x86_64-linux-gnu/libc-2.19.so
7ffbb37a8000-7ffbb37aa000 rw-p 001bf000 08:01 18673                      /lib/x86_64-linux-gnu/libc-2.19.so
7ffbb37aa000-7ffbb37af000 rw-p 00000000 00:00 0 
7ffbb37af000-7ffbb37bc000 r-xp 00000000 08:01 3281158                    /usr/lib/jvm/java-7-openjdk-amd64/jre/lib/amd64/jli/libjli.so
7ffbb37bc000-7ffbb39bb000 ---p 0000d000 08:01 3281158                    /usr/lib/jvm/java-7-openjdk-amd64/jre/lib/amd64/jli/libjli.so
7ffbb39bb000-7ffbb39bc000 r--p 0000c000 08:01 3281158                    /usr/lib/jvm/java-7-openjdk-amd64/jre/lib/amd64/jli/libjli.so
7ffbb39bc000-7ffbb39bd000 rw-p 0000d000 08:01 3281158                    /usr/lib/jvm/java-7-openjdk-amd64/jre/lib/amd64/jli/libjli.so
7ffbb39bd000-7ffbb39e0000 r-xp 00000000 08:01 18661                      /lib/x86_64-linux-gnu/ld-2.19.so
7ffbb39e0000-7ffbb39e1000 r--s 00002000 08:01 793700                     /home/eranda/.m2/repository/org/codehaus/plexus/plexus-i18n/1.0-beta-7/plexus-i18n-1.0-beta-7.jar
7ffbb39e1000-7ffbb39e3000 r--s 00012000 08:01 793095                     /home/eranda/.m2/repository/org/easymock/easymock/2.4/easymock-2.4.jar
7ffbb39e3000-7ffbb39e7000 r--s 00026000 08:01 793105                     /home/eranda/.m2/repository/org/apache/felix/org.apache.felix.bundlerepository/1.6.6/org.apache.felix.bundlerepository-1.6.6.jar
7ffbb39e7000-7ffbb39ee000 r--s 0004f000 08:01 794574                     /home/eranda/.m2/repository/org/osgi/org.osgi.core/4.3.1/org.osgi.core-4.3.1.jar
7ffbb39ee000-7ffbb39f1000 r--s 00028000 08:01 793721                     /home/eranda/.m2/repository/org/apache/felix/maven-bundle-plugin/2.5.3/maven-bundle-plugin-2.5.3.jar
7ffbb39f1000-7ffbb39f6000 r--s 0004c000 08:01 3284519                    /usr/lib/jvm/java-7-openjdk-amd64/jre/lib/jsse.jar
7ffbb39f6000-7ffbb39f8000 r--s 00008000 08:01 3680389                    /usr/share/java/classworlds-1.1.jar
7ffbb39f8000-7ffbb39fb000 r--s 0000f000 08:01 3284552                    /usr/lib/jvm/java-7-openjdk-amd64/jre/lib/ext/icedtea-sound.jar
7ffbb39fb000-7ffbb3a08000 rw-p 00000000 00:00 0 
7ffbb3a08000-7ffbb3abb000 rw-p 00000000 00:00 0 
7ffbb3abb000-7ffbb3abe000 ---p 00000000 00:00 0 
7ffbb3abe000-7ffbb3bc1000 rw-p 00000000 00:00 0                          [stack:18167]
7ffbb3bc1000-7ffbb3bc2000 r--p 00000000 00:00 0 
7ffbb3bc2000-7ffbb3bc4000 r--s 00006000 08:01 3676218                    /usr/share/java/java-atk-wrapper.jar
7ffbb3bc4000-7ffbb3bc8000 r--s 00085000 08:01 3284555                    /usr/lib/jvm/java-7-openjdk-amd64/jre/lib/ext/localedata.jar
7ffbb3bc8000-7ffbb3bc9000 r--s 00002000 08:01 3284557                    /usr/lib/jvm/java-7-openjdk-amd64/jre/lib/ext/dnsns.jar
7ffbb3bc9000-7ffbb3bcd000 r--s 0003c000 08:01 3284554                    /usr/lib/jvm/java-7-openjdk-amd64/jre/lib/ext/sunpkcs11.jar
7ffbb3bcd000-7ffbb3bd1000 r--s 00034000 08:01 3284556                    /usr/lib/jvm/java-7-openjdk-amd64/jre/lib/ext/sunjce_provider.jar
7ffbb3bd1000-7ffbb3bd3000 r--s 00012000 08:01 3284553                    /usr/lib/jvm/java-7-openjdk-amd64/jre/lib/ext/zipfs.jar
7ffbb3bd3000-7ffbb3bdb000 rw-s 00000000 08:01 22271                      /tmp/hsperfdata_eranda/18165
7ffbb3bdb000-7ffbb3bdc000 rw-p 00000000 00:00 0 
7ffbb3bdc000-7ffbb3bdd000 ---p 00000000 00:00 0 
7ffbb3bdd000-7ffbb3bdf000 rw-p 00000000 00:00 0 
7ffbb3bdf000-7ffbb3be0000 r--p 00022000 08:01 18661                      /lib/x86_64-linux-gnu/ld-2.19.so
7ffbb3be0000-7ffbb3be1000 rw-p 00023000 08:01 18661                      /lib/x86_64-linux-gnu/ld-2.19.so
7ffbb3be1000-7ffbb3be2000 rw-p 00000000 00:00 0 
7fff7ab2a000-7fff7ab4b000 rw-p 00000000 00:00 0                          [stack]
7fff7abfe000-7fff7ac00000 r-xp 00000000 00:00 0                          [vdso]
ffffffffff600000-ffffffffff601000 r-xp 00000000 00:00 0                  [vsyscall]

VM Arguments:
jvm_args: -Dclassworlds.conf=/usr/share/maven2/bin/m2.conf -Dmaven.home=/usr/share/maven2 
java_command: org.codehaus.classworlds.Launcher "clean" "install"
Launcher Type: SUN_STANDARD

Environment Variables:
JAVA_HOME=/usr/lib/jvm/java-7-openjdk-amd64
PATH=/usr/local/sbin:/usr/local/bin:/usr/sbin:/usr/bin:/sbin:/bin:/usr/games:/usr/local/games:/home/eranda/bin:/usr/lib/jvm/java-7-openjdk-amd64/bin:/home/eranda/Softwares/apache-tomcat-7.0.42/bin
SHELL=/bin/bash
DISPLAY=:0

Signal Handlers:
SIGSEGV: [libjvm.so+0x9495e0], sa_mask[0]=0x7ffbfeff, sa_flags=0x10000004
SIGBUS: [libjvm.so+0x9495e0], sa_mask[0]=0x7ffbfeff, sa_flags=0x10000004
SIGFPE: [libjvm.so+0x7c3410], sa_mask[0]=0x7ffbfeff, sa_flags=0x10000004
SIGPIPE: [libjvm.so+0x7c3410], sa_mask[0]=0x7ffbfeff, sa_flags=0x10000004
SIGXFSZ: [libjvm.so+0x7c3410], sa_mask[0]=0x7ffbfeff, sa_flags=0x10000004
SIGILL: [libjvm.so+0x7c3410], sa_mask[0]=0x7ffbfeff, sa_flags=0x10000004
SIGUSR1: SIG_DFL, sa_mask[0]=0x00000000, sa_flags=0x00000000
SIGUSR2: [libjvm.so+0x7c32b0], sa_mask[0]=0x00000000, sa_flags=0x10000004
SIGHUP: [libjvm.so+0x7c3490], sa_mask[0]=0x7ffbfeff, sa_flags=0x10000004
SIGINT: [libjvm.so+0x7c3490], sa_mask[0]=0x7ffbfeff, sa_flags=0x10000004
SIGTERM: [libjvm.so+0x7c3490], sa_mask[0]=0x7ffbfeff, sa_flags=0x10000004
SIGQUIT: [libjvm.so+0x7c3490], sa_mask[0]=0x7ffbfeff, sa_flags=0x10000004
SIGTRAP: SIG_DFL, sa_mask[0]=0x00000000, sa_flags=0x00000000


---------------  S Y S T E M  ---------------

OS:Ubuntu 14.04 (trusty)
uname:Linux 3.13.0-40-generic #69-Ubuntu SMP Thu Nov 13 17:53:56 UTC 2014 x86_64
libc:glibc 2.19 NPTL 2.19 
rlimit: STACK 8192k, CORE 0k, NPROC 61555, NOFILE 4096, AS infinity
load average:0.64 1.13 2.17

/proc/meminfo:
MemTotal:        7900716 kB
MemFree:          585640 kB
Buffers:          171240 kB
Cached:          2051620 kB
SwapCached:         1976 kB
Active:          5554044 kB
Inactive:        1381600 kB
Active(anon):    4242700 kB
Inactive(anon):   894516 kB
Active(file):    1311344 kB
Inactive(file):   487084 kB
Unevictable:         284 kB
Mlocked:             284 kB
SwapTotal:       8109052 kB
SwapFree:        8104536 kB
Dirty:               464 kB
Writeback:             0 kB
AnonPages:       4713256 kB
Mapped:           330072 kB
Shmem:            424432 kB
Slab:             227036 kB
SReclaimable:     183936 kB
SUnreclaim:        43100 kB
KernelStack:        7600 kB
PageTables:        62056 kB
NFS_Unstable:          0 kB
Bounce:                0 kB
WritebackTmp:          0 kB
CommitLimit:    12059408 kB
Committed_AS:   11578784 kB
VmallocTotal:   34359738367 kB
VmallocUsed:      554212 kB
VmallocChunk:   34359172312 kB
HardwareCorrupted:     0 kB
AnonHugePages:   2297856 kB
HugePages_Total:       0
HugePages_Free:        0
HugePages_Rsvd:        0
HugePages_Surp:        0
Hugepagesize:       2048 kB
DirectMap4k:       90944 kB
DirectMap2M:     8019968 kB


CPU:total 4 (2 cores per cpu, 2 threads per core) family 6 model 37 stepping 2, cmov, cx8, fxsr, mmx, sse, sse2, sse3, ssse3, sse4.1, sse4.2, popcnt, aes, ht, tsc, tscinvbit

/proc/cpuinfo:
processor	: 0
vendor_id	: GenuineIntel
cpu family	: 6
model		: 37
model name	: Intel(R) Core(TM) i5 CPU       M 520  @ 2.40GHz
stepping	: 2
microcode	: 0xc
cpu MHz		: 2400.000
cache size	: 3072 KB
physical id	: 0
siblings	: 4
core id		: 0
cpu cores	: 2
apicid		: 0
initial apicid	: 0
fpu		: yes
fpu_exception	: yes
cpuid level	: 11
wp		: yes
flags		: fpu vme de pse tsc msr pae mce cx8 apic sep mtrr pge mca cmov pat pse36 clflush dts acpi mmx fxsr sse sse2 ss ht tm pbe syscall nx rdtscp lm constant_tsc arch_perfmon pebs bts rep_good nopl xtopology nonstop_tsc aperfmperf pni pclmulqdq dtes64 monitor ds_cpl vmx smx est tm2 ssse3 cx16 xtpr pdcm sse4_1 sse4_2 popcnt aes lahf_lm ida arat dtherm tpr_shadow vnmi flexpriority ept vpid
bogomips	: 4788.10
clflush size	: 64
cache_alignment	: 64
address sizes	: 36 bits physical, 48 bits virtual
power management:

processor	: 1
vendor_id	: GenuineIntel
cpu family	: 6
model		: 37
model name	: Intel(R) Core(TM) i5 CPU       M 520  @ 2.40GHz
stepping	: 2
microcode	: 0xc
cpu MHz		: 2400.000
cache size	: 3072 KB
physical id	: 0
siblings	: 4
core id		: 0
cpu cores	: 2
apicid		: 1
initial apicid	: 1
fpu		: yes
fpu_exception	: yes
cpuid level	: 11
wp		: yes
flags		: fpu vme de pse tsc msr pae mce cx8 apic sep mtrr pge mca cmov pat pse36 clflush dts acpi mmx fxsr sse sse2 ss ht tm pbe syscall nx rdtscp lm constant_tsc arch_perfmon pebs bts rep_good nopl xtopology nonstop_tsc aperfmperf pni pclmulqdq dtes64 monitor ds_cpl vmx smx est tm2 ssse3 cx16 xtpr pdcm sse4_1 sse4_2 popcnt aes lahf_lm ida arat dtherm tpr_shadow vnmi flexpriority ept vpid
bogomips	: 4788.10
clflush size	: 64
cache_alignment	: 64
address sizes	: 36 bits physical, 48 bits virtual
power management:

processor	: 2
vendor_id	: GenuineIntel
cpu family	: 6
model		: 37
model name	: Intel(R) Core(TM) i5 CPU       M 520  @ 2.40GHz
stepping	: 2
microcode	: 0xc
cpu MHz		: 2400.000
cache size	: 3072 KB
physical id	: 0
siblings	: 4
core id		: 2
cpu cores	: 2
apicid		: 4
initial apicid	: 4
fpu		: yes
fpu_exception	: yes
cpuid level	: 11
wp		: yes
flags		: fpu vme de pse tsc msr pae mce cx8 apic sep mtrr pge mca cmov pat pse36 clflush dts acpi mmx fxsr sse sse2 ss ht tm pbe syscall nx rdtscp lm constant_tsc arch_perfmon pebs bts rep_good nopl xtopology nonstop_tsc aperfmperf pni pclmulqdq dtes64 monitor ds_cpl vmx smx est tm2 ssse3 cx16 xtpr pdcm sse4_1 sse4_2 popcnt aes lahf_lm ida arat dtherm tpr_shadow vnmi flexpriority ept vpid
bogomips	: 4788.10
clflush size	: 64
cache_alignment	: 64
address sizes	: 36 bits physical, 48 bits virtual
power management:

processor	: 3
vendor_id	: GenuineIntel
cpu family	: 6
model		: 37
model name	: Intel(R) Core(TM) i5 CPU       M 520  @ 2.40GHz
stepping	: 2
microcode	: 0xc
cpu MHz		: 2400.000
cache size	: 3072 KB
physical id	: 0
siblings	: 4
core id		: 2
cpu cores	: 2
apicid		: 5
initial apicid	: 5
fpu		: yes
fpu_exception	: yes
cpuid level	: 11
wp		: yes
flags		: fpu vme de pse tsc msr pae mce cx8 apic sep mtrr pge mca cmov pat pse36 clflush dts acpi mmx fxsr sse sse2 ss ht tm pbe syscall nx rdtscp lm constant_tsc arch_perfmon pebs bts rep_good nopl xtopology nonstop_tsc aperfmperf pni pclmulqdq dtes64 monitor ds_cpl vmx smx est tm2 ssse3 cx16 xtpr pdcm sse4_1 sse4_2 popcnt aes lahf_lm ida arat dtherm tpr_shadow vnmi flexpriority ept vpid
bogomips	: 4788.10
clflush size	: 64
cache_alignment	: 64
address sizes	: 36 bits physical, 48 bits virtual
power management:



Memory: 4k page, physical 7900716k(585392k free), swap 8109052k(8104536k free)

vm_info: OpenJDK 64-Bit Server VM (24.65-b04) for linux-amd64 JRE (1.7.0_65-b32), built on Oct 22 2014 04:37:44 by "buildd" with gcc 4.8.2

time: Tue Jan 13 22:49:50 2015
elapsed time: 10 seconds

